2024-11-25T09:49:26.588+09:00  INFO 10636 --- [springbootfinal-app03] [restartedMain] c.s.app.SpringbootfinalApp03Application  : Starting SpringbootfinalApp03Application using Java 21.0.4 with PID 10636 (C:\Users\6A\git\3final\bin\main started by 6A in C:\Users\6A\git\3final)
2024-11-25T09:49:26.598+09:00 DEBUG 10636 --- [springbootfinal-app03] [restartedMain] c.s.app.SpringbootfinalApp03Application  : Running with Spring Boot v3.3.5, Spring v6.1.14
2024-11-25T09:49:26.599+09:00  INFO 10636 --- [springbootfinal-app03] [restartedMain] c.s.app.SpringbootfinalApp03Application  : No active profile set, falling back to 1 default profile: "default"
2024-11-25T09:49:26.892+09:00  INFO 10636 --- [springbootfinal-app03] [restartedMain] .e.DevToolsPropertyDefaultsPostProcessor : Devtools property defaults active! Set 'spring.devtools.add-properties' to 'false' to disable
2024-11-25T09:49:26.892+09:00  INFO 10636 --- [springbootfinal-app03] [restartedMain] .e.DevToolsPropertyDefaultsPostProcessor : For additional web related logging consider setting the 'logging.level.web' property to 'DEBUG'
2024-11-25T09:49:27.857+09:00  INFO 10636 --- [springbootfinal-app03] [restartedMain] .s.d.r.c.RepositoryConfigurationDelegate : Bootstrapping Spring Data JPA repositories in DEFAULT mode.
2024-11-25T09:49:27.877+09:00  INFO 10636 --- [springbootfinal-app03] [restartedMain] .s.d.r.c.RepositoryConfigurationDelegate : Finished Spring Data repository scanning in 9 ms. Found 0 JPA repository interfaces.
2024-11-25T09:49:28.065+09:00  WARN 10636 --- [springbootfinal-app03] [restartedMain] .s.s.b.a.TimefoldSolverAutoConfiguration : Skipping Timefold loading because there are no @PlanningSolution  or @PlanningEntity annotated classes.
Maybe your annotated classes are not in a subpackage of your @SpringBootApplication annotated class's package.
Maybe move your planning solution and entity classes to your application class's (sub)package (or use @EntityScan).
2024-11-25T09:49:29.145+09:00  INFO 10636 --- [springbootfinal-app03] [restartedMain] o.s.b.w.embedded.tomcat.TomcatWebServer  : Tomcat initialized with port 8080 (http)
2024-11-25T09:49:29.164+09:00  INFO 10636 --- [springbootfinal-app03] [restartedMain] o.apache.catalina.core.StandardService   : Starting service [Tomcat]
2024-11-25T09:49:29.164+09:00  INFO 10636 --- [springbootfinal-app03] [restartedMain] o.apache.catalina.core.StandardEngine    : Starting Servlet engine: [Apache Tomcat/10.1.31]
2024-11-25T09:49:29.259+09:00  INFO 10636 --- [springbootfinal-app03] [restartedMain] o.a.c.c.C.[Tomcat].[localhost].[/]       : Initializing Spring embedded WebApplicationContext
2024-11-25T09:49:29.259+09:00  INFO 10636 --- [springbootfinal-app03] [restartedMain] w.s.c.ServletWebServerApplicationContext : Root WebApplicationContext: initialization completed in 2366 ms
2024-11-25T09:49:29.413+09:00  INFO 10636 --- [springbootfinal-app03] [restartedMain] com.zaxxer.hikari.HikariDataSource       : HikariPool-1 - Starting...
2024-11-25T09:49:29.585+09:00  INFO 10636 --- [springbootfinal-app03] [restartedMain] com.zaxxer.hikari.pool.HikariPool        : HikariPool-1 - Added connection com.mysql.cj.jdbc.ConnectionImpl@65c98848
2024-11-25T09:49:29.588+09:00  INFO 10636 --- [springbootfinal-app03] [restartedMain] com.zaxxer.hikari.HikariDataSource       : HikariPool-1 - Start completed.
2024-11-25T09:49:29.642+09:00  INFO 10636 --- [springbootfinal-app03] [restartedMain] o.hibernate.jpa.internal.util.LogHelper  : HHH000204: Processing PersistenceUnitInfo [name: default]
2024-11-25T09:49:29.726+09:00  INFO 10636 --- [springbootfinal-app03] [restartedMain] org.hibernate.Version                    : HHH000412: Hibernate ORM core version 6.5.3.Final
2024-11-25T09:49:29.778+09:00  INFO 10636 --- [springbootfinal-app03] [restartedMain] o.h.c.internal.RegionFactoryInitiator    : HHH000026: Second-level cache disabled
2024-11-25T09:49:30.267+09:00  INFO 10636 --- [springbootfinal-app03] [restartedMain] o.s.o.j.p.SpringPersistenceUnitInfo      : No LoadTimeWeaver setup: ignoring JPA class transformer
2024-11-25T09:49:30.372+09:00  WARN 10636 --- [springbootfinal-app03] [restartedMain] org.hibernate.orm.deprecation            : HHH90000025: MySQLDialect does not need to be specified explicitly using 'hibernate.dialect' (remove the property setting and it will be selected by default)
2024-11-25T09:49:30.797+09:00  INFO 10636 --- [springbootfinal-app03] [restartedMain] o.h.e.t.j.p.i.JtaPlatformInitiator       : HHH000489: No JTA platform available (set 'hibernate.transaction.jta.platform' to enable JTA platform integration)
2024-11-25T09:49:30.804+09:00  INFO 10636 --- [springbootfinal-app03] [restartedMain] j.LocalContainerEntityManagerFactoryBean : Initialized JPA EntityManagerFactory for persistence unit 'default'
2024-11-25T09:49:31.085+09:00  WARN 10636 --- [springbootfinal-app03] [restartedMain] JpaBaseConfiguration$JpaWebConfiguration : spring.jpa.open-in-view is enabled by default. Therefore, database queries may be performed during view rendering. Explicitly configure spring.jpa.open-in-view to disable this warning
2024-11-25T09:49:31.109+09:00  WARN 10636 --- [springbootfinal-app03] [restartedMain] .s.s.UserDetailsServiceAutoConfiguration : 

Using generated security password: 5b9168d0-2b13-457c-a100-15918c9d4bb0

This generated password is for development use only. Your security configuration must be updated before running your application in production.

2024-11-25T09:49:31.119+09:00  INFO 10636 --- [springbootfinal-app03] [restartedMain] r$InitializeUserDetailsManagerConfigurer : Global AuthenticationManager configured with UserDetailsService bean with name inMemoryUserDetailsManager
2024-11-25T09:49:31.207+09:00  INFO 10636 --- [springbootfinal-app03] [restartedMain] o.s.b.a.w.s.WelcomePageHandlerMapping    : Adding welcome page template: index
2024-11-25T09:49:31.267+09:00 DEBUG 10636 --- [springbootfinal-app03] [restartedMain] s.w.s.m.m.a.RequestMappingHandlerMapping : 13 mappings in 'requestMappingHandlerMapping'
2024-11-25T09:49:31.273+09:00 DEBUG 10636 --- [springbootfinal-app03] [restartedMain] o.s.w.s.handler.SimpleUrlHandlerMapping  : Patterns [/, /writeForm, /writeBoard, /weather, /loginForm, /joinForm] in 'viewControllerHandlerMapping'
2024-11-25T09:49:31.356+09:00 DEBUG 10636 --- [springbootfinal-app03] [restartedMain] o.s.w.s.handler.SimpleUrlHandlerMapping  : Patterns [/webjars/**, /**, /css/**, /js/**, /images/**] in 'resourceHandlerMapping'
2024-11-25T09:49:31.467+09:00 DEBUG 10636 --- [springbootfinal-app03] [restartedMain] s.w.s.m.m.a.RequestMappingHandlerAdapter : ControllerAdvice beans: 0 @ModelAttribute, 0 @InitBinder, 1 RequestBodyAdvice, 1 ResponseBodyAdvice
2024-11-25T09:49:31.508+09:00 DEBUG 10636 --- [springbootfinal-app03] [restartedMain] .m.m.a.ExceptionHandlerExceptionResolver : ControllerAdvice beans: 0 @ExceptionHandler, 1 ResponseBodyAdvice
2024-11-25T09:49:31.759+09:00  INFO 10636 --- [springbootfinal-app03] [restartedMain] o.s.b.d.a.OptionalLiveReloadServer       : LiveReload server is running on port 35729
2024-11-25T09:49:31.905+09:00  INFO 10636 --- [springbootfinal-app03] [restartedMain] o.s.b.w.embedded.tomcat.TomcatWebServer  : Tomcat started on port 8080 (http) with context path '/'
2024-11-25T09:49:31.914+09:00  INFO 10636 --- [springbootfinal-app03] [restartedMain] c.s.app.SpringbootfinalApp03Application  : Started SpringbootfinalApp03Application in 5.803 seconds (process running for 6.726)
2024-11-25T09:49:33.261+09:00  INFO 10636 --- [springbootfinal-app03] [http-nio-8080-exec-1] o.a.c.c.C.[Tomcat].[localhost].[/]       : Initializing Spring DispatcherServlet 'dispatcherServlet'
2024-11-25T09:49:33.262+09:00  INFO 10636 --- [springbootfinal-app03] [http-nio-8080-exec-1] o.s.web.servlet.DispatcherServlet        : Initializing Servlet 'dispatcherServlet'
2024-11-25T09:49:33.262+09:00 DEBUG 10636 --- [springbootfinal-app03] [http-nio-8080-exec-1] o.s.web.servlet.DispatcherServlet        : Detected StandardServletMultipartResolver
2024-11-25T09:49:33.262+09:00 DEBUG 10636 --- [springbootfinal-app03] [http-nio-8080-exec-1] o.s.web.servlet.DispatcherServlet        : Detected AcceptHeaderLocaleResolver
2024-11-25T09:49:33.262+09:00 DEBUG 10636 --- [springbootfinal-app03] [http-nio-8080-exec-1] o.s.web.servlet.DispatcherServlet        : Detected FixedThemeResolver
2024-11-25T09:49:33.263+09:00 DEBUG 10636 --- [springbootfinal-app03] [http-nio-8080-exec-1] o.s.web.servlet.DispatcherServlet        : Detected org.springframework.web.servlet.view.DefaultRequestToViewNameTranslator@6f9a35f4
2024-11-25T09:49:33.264+09:00 DEBUG 10636 --- [springbootfinal-app03] [http-nio-8080-exec-1] o.s.web.servlet.DispatcherServlet        : Detected org.springframework.web.servlet.support.SessionFlashMapManager@31a8c151
2024-11-25T09:49:33.264+09:00 DEBUG 10636 --- [springbootfinal-app03] [http-nio-8080-exec-1] o.s.web.servlet.DispatcherServlet        : enableLoggingRequestDetails='false': request parameters and headers will be masked to prevent unsafe logging of potentially sensitive data
2024-11-25T09:49:33.264+09:00  INFO 10636 --- [springbootfinal-app03] [http-nio-8080-exec-1] o.s.web.servlet.DispatcherServlet        : Completed initialization in 2 ms
2024-11-25T09:49:33.313+09:00 DEBUG 10636 --- [springbootfinal-app03] [http-nio-8080-exec-1] o.s.web.servlet.DispatcherServlet        : GET "/", parameters={}
2024-11-25T09:49:33.317+09:00 DEBUG 10636 --- [springbootfinal-app03] [http-nio-8080-exec-1] s.w.s.m.m.a.RequestMappingHandlerMapping : Mapped to com.springbootfinal.app.controller.MainController#home()
2024-11-25T09:49:33.430+09:00 DEBUG 10636 --- [springbootfinal-app03] [http-nio-8080-exec-1] o.s.web.servlet.view.RedirectView        : View name [redirect:], model {}
2024-11-25T09:49:33.437+09:00 DEBUG 10636 --- [springbootfinal-app03] [http-nio-8080-exec-1] o.s.web.servlet.DispatcherServlet        : Completed 302 FOUND
2024-11-25T09:49:33.528+09:00 DEBUG 10636 --- [springbootfinal-app03] [http-nio-8080-exec-2] o.s.web.servlet.DispatcherServlet        : GET "/main", parameters={}
2024-11-25T09:49:33.528+09:00 DEBUG 10636 --- [springbootfinal-app03] [http-nio-8080-exec-2] s.w.s.m.m.a.RequestMappingHandlerMapping : Mapped to com.springbootfinal.app.controller.MainController#main()
2024-11-25T09:49:33.533+09:00 DEBUG 10636 --- [springbootfinal-app03] [http-nio-8080-exec-2] o.s.w.s.v.ContentNegotiatingViewResolver : Selected 'text/html' given [text/html, application/xhtml+xml, image/avif, image/webp, image/apng, application/xml;q=0.9, */*;q=0.8, application/signed-exchange;v=b3;q=0.7]
2024-11-25T09:49:34.996+09:00 DEBUG 10636 --- [springbootfinal-app03] [http-nio-8080-exec-2] o.s.web.servlet.DispatcherServlet        : Completed 200 OK
2024-11-25T09:49:35.014+09:00 DEBUG 10636 --- [springbootfinal-app03] [http-nio-8080-exec-3] o.s.web.servlet.DispatcherServlet        : GET "/bootstrap/bootstrap.min.css", parameters={}
2024-11-25T09:49:35.016+09:00 DEBUG 10636 --- [springbootfinal-app03] [http-nio-8080-exec-3] o.s.w.s.handler.SimpleUrlHandlerMapping  : Mapped to ResourceHttpRequestHandler [classpath [META-INF/resources/], classpath [resources/], classpath [static/], classpath [public/], ServletContext [/]]
2024-11-25T09:49:35.019+09:00 DEBUG 10636 --- [springbootfinal-app03] [http-nio-8080-exec-5] o.s.web.servlet.DispatcherServlet        : GET "/js/member.js", parameters={}
2024-11-25T09:49:35.019+09:00 DEBUG 10636 --- [springbootfinal-app03] [http-nio-8080-exec-4] o.s.web.servlet.DispatcherServlet        : GET "/js/jquery-3.7.1.min.js", parameters={}
2024-11-25T09:49:35.020+09:00 DEBUG 10636 --- [springbootfinal-app03] [http-nio-8080-exec-5] o.s.w.s.handler.SimpleUrlHandlerMapping  : Mapped to ResourceHttpRequestHandler [classpath [static/js/]]
2024-11-25T09:49:35.020+09:00 DEBUG 10636 --- [springbootfinal-app03] [http-nio-8080-exec-4] o.s.w.s.handler.SimpleUrlHandlerMapping  : Mapped to ResourceHttpRequestHandler [classpath [static/js/]]
2024-11-25T09:49:35.024+09:00 DEBUG 10636 --- [springbootfinal-app03] [http-nio-8080-exec-6] o.s.web.servlet.DispatcherServlet        : GET "/images/main.gif", parameters={}
2024-11-25T09:49:35.025+09:00 DEBUG 10636 --- [springbootfinal-app03] [http-nio-8080-exec-6] o.s.w.s.handler.SimpleUrlHandlerMapping  : Mapped to ResourceHttpRequestHandler [classpath [static/images/]]
2024-11-25T09:49:35.025+09:00 DEBUG 10636 --- [springbootfinal-app03] [http-nio-8080-exec-7] o.s.web.servlet.DispatcherServlet        : GET "/images/weather/rain.gif", parameters={}
2024-11-25T09:49:35.026+09:00 DEBUG 10636 --- [springbootfinal-app03] [http-nio-8080-exec-7] o.s.w.s.handler.SimpleUrlHandlerMapping  : Mapped to ResourceHttpRequestHandler [classpath [static/images/]]
2024-11-25T09:49:35.039+09:00 DEBUG 10636 --- [springbootfinal-app03] [http-nio-8080-exec-3] o.s.web.servlet.DispatcherServlet        : Completed 200 OK
2024-11-25T09:49:35.042+09:00 DEBUG 10636 --- [springbootfinal-app03] [http-nio-8080-exec-7] o.s.web.servlet.DispatcherServlet        : Completed 200 OK
2024-11-25T09:49:35.046+09:00 DEBUG 10636 --- [springbootfinal-app03] [http-nio-8080-exec-5] o.s.web.servlet.DispatcherServlet        : Completed 200 OK
2024-11-25T09:49:35.050+09:00 DEBUG 10636 --- [springbootfinal-app03] [http-nio-8080-exec-6] o.s.web.servlet.DispatcherServlet        : Completed 200 OK
2024-11-25T09:49:35.054+09:00 DEBUG 10636 --- [springbootfinal-app03] [http-nio-8080-exec-8] o.s.web.servlet.DispatcherServlet        : GET "/bootstrap/bootstrap.bundle.min.js", parameters={}
2024-11-25T09:49:35.055+09:00 DEBUG 10636 --- [springbootfinal-app03] [http-nio-8080-exec-8] o.s.w.s.handler.SimpleUrlHandlerMapping  : Mapped to ResourceHttpRequestHandler [classpath [META-INF/resources/], classpath [resources/], classpath [static/], classpath [public/], ServletContext [/]]
2024-11-25T09:49:35.056+09:00 DEBUG 10636 --- [springbootfinal-app03] [http-nio-8080-exec-4] o.s.web.servlet.DispatcherServlet        : Completed 200 OK
2024-11-25T09:49:35.061+09:00 DEBUG 10636 --- [springbootfinal-app03] [http-nio-8080-exec-8] o.s.web.servlet.DispatcherServlet        : Completed 200 OK
2024-11-25T09:49:37.251+09:00 DEBUG 10636 --- [springbootfinal-app03] [http-nio-8080-exec-9] o.s.web.servlet.DispatcherServlet        : GET "/bootstrap/bootstrap.min.css", parameters={}
2024-11-25T09:49:37.251+09:00 DEBUG 10636 --- [springbootfinal-app03] [http-nio-8080-exec-9] o.s.w.s.handler.SimpleUrlHandlerMapping  : Mapped to ResourceHttpRequestHandler [classpath [META-INF/resources/], classpath [resources/], classpath [static/], classpath [public/], ServletContext [/]]
2024-11-25T09:49:37.262+09:00 DEBUG 10636 --- [springbootfinal-app03] [http-nio-8080-exec-9] o.s.web.servlet.DispatcherServlet        : Completed 200 OK
2024-11-25T09:49:37.305+09:00 DEBUG 10636 --- [springbootfinal-app03] [http-nio-8080-exec-10] o.s.web.servlet.DispatcherServlet        : GET "/bootstrap/bootstrap.bundle.min.js.map", parameters={}
2024-11-25T09:49:37.305+09:00 DEBUG 10636 --- [springbootfinal-app03] [http-nio-8080-exec-10] o.s.w.s.handler.SimpleUrlHandlerMapping  : Mapped to ResourceHttpRequestHandler [classpath [META-INF/resources/], classpath [resources/], classpath [static/], classpath [public/], ServletContext [/]]
2024-11-25T09:49:37.309+09:00 DEBUG 10636 --- [springbootfinal-app03] [http-nio-8080-exec-10] o.s.w.s.r.ResourceHttpRequestHandler     : Resource not found
2024-11-25T09:49:37.314+09:00 DEBUG 10636 --- [springbootfinal-app03] [http-nio-8080-exec-10] .w.s.m.s.DefaultHandlerExceptionResolver : Resolved [org.springframework.web.servlet.resource.NoResourceFoundException: No static resource bootstrap/bootstrap.bundle.min.js.map.]
2024-11-25T09:49:37.314+09:00 DEBUG 10636 --- [springbootfinal-app03] [http-nio-8080-exec-10] o.s.web.servlet.DispatcherServlet        : Completed 404 NOT_FOUND
2024-11-25T09:49:37.320+09:00 DEBUG 10636 --- [springbootfinal-app03] [http-nio-8080-exec-10] o.s.web.servlet.DispatcherServlet        : "ERROR" dispatch for GET "/error", parameters={}
2024-11-25T09:49:37.321+09:00 DEBUG 10636 --- [springbootfinal-app03] [http-nio-8080-exec-10] s.w.s.m.m.a.RequestMappingHandlerMapping : Mapped to com.springbootfinal.app.controller.CustomErrorController#handleError(HttpServletRequest, Model)
2024-11-25T09:49:37.329+09:00 DEBUG 10636 --- [springbootfinal-app03] [http-nio-8080-exec-1] o.s.web.servlet.DispatcherServlet        : GET "/bootstrap/bootstrap.min.css.map", parameters={}
2024-11-25T09:49:37.329+09:00 DEBUG 10636 --- [springbootfinal-app03] [http-nio-8080-exec-1] o.s.w.s.handler.SimpleUrlHandlerMapping  : Mapped to ResourceHttpRequestHandler [classpath [META-INF/resources/], classpath [resources/], classpath [static/], classpath [public/], ServletContext [/]]
2024-11-25T09:49:37.330+09:00 DEBUG 10636 --- [springbootfinal-app03] [http-nio-8080-exec-10] o.s.w.s.v.ContentNegotiatingViewResolver : Selected '*/*' given [*/*]
2024-11-25T09:49:37.332+09:00 DEBUG 10636 --- [springbootfinal-app03] [http-nio-8080-exec-1] o.s.w.s.r.ResourceHttpRequestHandler     : Resource not found
2024-11-25T09:49:37.333+09:00 DEBUG 10636 --- [springbootfinal-app03] [http-nio-8080-exec-1] .w.s.m.s.DefaultHandlerExceptionResolver : Resolved [org.springframework.web.servlet.resource.NoResourceFoundException: No static resource bootstrap/bootstrap.min.css.map.]
2024-11-25T09:49:37.334+09:00 DEBUG 10636 --- [springbootfinal-app03] [http-nio-8080-exec-1] o.s.web.servlet.DispatcherServlet        : Completed 404 NOT_FOUND
2024-11-25T09:49:37.335+09:00 DEBUG 10636 --- [springbootfinal-app03] [http-nio-8080-exec-1] o.s.web.servlet.DispatcherServlet        : "ERROR" dispatch for GET "/error", parameters={}
2024-11-25T09:49:37.336+09:00 DEBUG 10636 --- [springbootfinal-app03] [http-nio-8080-exec-1] s.w.s.m.m.a.RequestMappingHandlerMapping : Mapped to com.springbootfinal.app.controller.CustomErrorController#handleError(HttpServletRequest, Model)
2024-11-25T09:49:37.337+09:00 DEBUG 10636 --- [springbootfinal-app03] [http-nio-8080-exec-1] o.s.w.s.v.ContentNegotiatingViewResolver : Selected '*/*' given [*/*]
2024-11-25T09:49:37.342+09:00 DEBUG 10636 --- [springbootfinal-app03] [http-nio-8080-exec-1] o.s.web.servlet.DispatcherServlet        : Exiting from "ERROR" dispatch, status 404
2024-11-25T09:49:37.342+09:00 DEBUG 10636 --- [springbootfinal-app03] [http-nio-8080-exec-10] o.s.web.servlet.DispatcherServlet        : Exiting from "ERROR" dispatch, status 404
2024-11-25T09:49:38.594+09:00 DEBUG 10636 --- [springbootfinal-app03] [http-nio-8080-exec-2] o.s.web.servlet.DispatcherServlet        : GET "/weather", parameters={}
2024-11-25T09:49:38.594+09:00 DEBUG 10636 --- [springbootfinal-app03] [http-nio-8080-exec-2] s.w.s.m.m.a.RequestMappingHandlerMapping : Mapped to com.springbootfinal.app.controller.WeatherController#index(Model)
2024-11-25T09:49:38.598+09:00 DEBUG 10636 --- [springbootfinal-app03] [http-nio-8080-exec-2] o.s.w.s.v.ContentNegotiatingViewResolver : Selected 'text/html' given [text/html, application/xhtml+xml, image/avif, image/webp, image/apng, application/xml;q=0.9, */*;q=0.8, application/signed-exchange;v=b3;q=0.7]
2024-11-25T09:49:38.663+09:00 DEBUG 10636 --- [springbootfinal-app03] [http-nio-8080-exec-2] o.s.web.servlet.DispatcherServlet        : Completed 200 OK
2024-11-25T09:49:38.692+09:00 DEBUG 10636 --- [springbootfinal-app03] [http-nio-8080-exec-3] o.s.web.servlet.DispatcherServlet        : GET "/bootstrap/bootstrap.min.css", parameters={}
2024-11-25T09:49:38.693+09:00 DEBUG 10636 --- [springbootfinal-app03] [http-nio-8080-exec-3] o.s.w.s.handler.SimpleUrlHandlerMapping  : Mapped to ResourceHttpRequestHandler [classpath [META-INF/resources/], classpath [resources/], classpath [static/], classpath [public/], ServletContext [/]]
2024-11-25T09:49:38.694+09:00 DEBUG 10636 --- [springbootfinal-app03] [http-nio-8080-exec-7] o.s.web.servlet.DispatcherServlet        : GET "/js/jquery-3.7.1.min.js", parameters={}
2024-11-25T09:49:38.695+09:00 DEBUG 10636 --- [springbootfinal-app03] [http-nio-8080-exec-7] o.s.w.s.handler.SimpleUrlHandlerMapping  : Mapped to ResourceHttpRequestHandler [classpath [static/js/]]
2024-11-25T09:49:38.696+09:00 DEBUG 10636 --- [springbootfinal-app03] [http-nio-8080-exec-5] o.s.web.servlet.DispatcherServlet        : GET "/js/member.js", parameters={}
2024-11-25T09:49:38.696+09:00 DEBUG 10636 --- [springbootfinal-app03] [http-nio-8080-exec-5] o.s.w.s.handler.SimpleUrlHandlerMapping  : Mapped to ResourceHttpRequestHandler [classpath [static/js/]]
2024-11-25T09:49:38.699+09:00 DEBUG 10636 --- [springbootfinal-app03] [http-nio-8080-exec-3] o.s.web.servlet.DispatcherServlet        : Completed 200 OK
2024-11-25T09:49:38.702+09:00 DEBUG 10636 --- [springbootfinal-app03] [http-nio-8080-exec-5] o.s.web.servlet.DispatcherServlet        : Completed 200 OK
2024-11-25T09:49:38.705+09:00 DEBUG 10636 --- [springbootfinal-app03] [http-nio-8080-exec-7] o.s.web.servlet.DispatcherServlet        : Completed 200 OK
2024-11-25T09:49:38.708+09:00 DEBUG 10636 --- [springbootfinal-app03] [http-nio-8080-exec-6] o.s.web.servlet.DispatcherServlet        : GET "/images/main.gif", parameters={}
2024-11-25T09:49:38.709+09:00 DEBUG 10636 --- [springbootfinal-app03] [http-nio-8080-exec-6] o.s.w.s.handler.SimpleUrlHandlerMapping  : Mapped to ResourceHttpRequestHandler [classpath [static/images/]]
2024-11-25T09:49:38.730+09:00 DEBUG 10636 --- [springbootfinal-app03] [http-nio-8080-exec-6] o.s.web.servlet.DispatcherServlet        : Completed 200 OK
2024-11-25T09:49:38.734+09:00 DEBUG 10636 --- [springbootfinal-app03] [http-nio-8080-exec-4] o.s.web.servlet.DispatcherServlet        : GET "/js/weather.js", parameters={}
2024-11-25T09:49:38.735+09:00 DEBUG 10636 --- [springbootfinal-app03] [http-nio-8080-exec-8] o.s.web.servlet.DispatcherServlet        : GET "/js/geolocation.js", parameters={}
2024-11-25T09:49:38.735+09:00 DEBUG 10636 --- [springbootfinal-app03] [http-nio-8080-exec-8] o.s.w.s.handler.SimpleUrlHandlerMapping  : Mapped to ResourceHttpRequestHandler [classpath [static/js/]]
2024-11-25T09:49:38.736+09:00 DEBUG 10636 --- [springbootfinal-app03] [http-nio-8080-exec-4] o.s.w.s.handler.SimpleUrlHandlerMapping  : Mapped to ResourceHttpRequestHandler [classpath [static/js/]]
2024-11-25T09:49:38.739+09:00 DEBUG 10636 --- [springbootfinal-app03] [http-nio-8080-exec-9] o.s.web.servlet.DispatcherServlet        : GET "/bootstrap/bootstrap.bundle.min.js", parameters={}
2024-11-25T09:49:38.741+09:00 DEBUG 10636 --- [springbootfinal-app03] [http-nio-8080-exec-9] o.s.w.s.handler.SimpleUrlHandlerMapping  : Mapped to ResourceHttpRequestHandler [classpath [META-INF/resources/], classpath [resources/], classpath [static/], classpath [public/], ServletContext [/]]
2024-11-25T09:49:38.743+09:00 DEBUG 10636 --- [springbootfinal-app03] [http-nio-8080-exec-8] o.s.web.servlet.DispatcherServlet        : Completed 200 OK
2024-11-25T09:49:38.747+09:00 DEBUG 10636 --- [springbootfinal-app03] [http-nio-8080-exec-9] o.s.web.servlet.DispatcherServlet        : Completed 200 OK
2024-11-25T09:49:38.747+09:00 DEBUG 10636 --- [springbootfinal-app03] [http-nio-8080-exec-4] o.s.web.servlet.DispatcherServlet        : Completed 200 OK
2024-11-25T09:49:38.754+09:00 DEBUG 10636 --- [springbootfinal-app03] [http-nio-8080-exec-1] o.s.web.servlet.DispatcherServlet        : GET "/bootstrap/bootstrap.min.css.map", parameters={}
2024-11-25T09:49:38.755+09:00 DEBUG 10636 --- [springbootfinal-app03] [http-nio-8080-exec-1] o.s.w.s.handler.SimpleUrlHandlerMapping  : Mapped to ResourceHttpRequestHandler [classpath [META-INF/resources/], classpath [resources/], classpath [static/], classpath [public/], ServletContext [/]]
2024-11-25T09:49:38.758+09:00 DEBUG 10636 --- [springbootfinal-app03] [http-nio-8080-exec-1] o.s.w.s.r.ResourceHttpRequestHandler     : Resource not found
2024-11-25T09:49:38.759+09:00 DEBUG 10636 --- [springbootfinal-app03] [http-nio-8080-exec-1] .w.s.m.s.DefaultHandlerExceptionResolver : Resolved [org.springframework.web.servlet.resource.NoResourceFoundException: No static resource bootstrap/bootstrap.min.css.map.]
2024-11-25T09:49:38.759+09:00 DEBUG 10636 --- [springbootfinal-app03] [http-nio-8080-exec-1] o.s.web.servlet.DispatcherServlet        : Completed 404 NOT_FOUND
2024-11-25T09:49:38.760+09:00 DEBUG 10636 --- [springbootfinal-app03] [http-nio-8080-exec-1] o.s.web.servlet.DispatcherServlet        : "ERROR" dispatch for GET "/error", parameters={}
2024-11-25T09:49:38.760+09:00 DEBUG 10636 --- [springbootfinal-app03] [http-nio-8080-exec-1] s.w.s.m.m.a.RequestMappingHandlerMapping : Mapped to com.springbootfinal.app.controller.CustomErrorController#handleError(HttpServletRequest, Model)
2024-11-25T09:49:38.761+09:00 DEBUG 10636 --- [springbootfinal-app03] [http-nio-8080-exec-1] o.s.w.s.v.ContentNegotiatingViewResolver : Selected '*/*' given [*/*]
2024-11-25T09:49:38.764+09:00 DEBUG 10636 --- [springbootfinal-app03] [http-nio-8080-exec-1] o.s.web.servlet.DispatcherServlet        : Exiting from "ERROR" dispatch, status 404
2024-11-25T09:49:38.775+09:00 DEBUG 10636 --- [springbootfinal-app03] [http-nio-8080-exec-10] o.s.web.servlet.DispatcherServlet        : GET "/bootstrap/bootstrap.min.css", parameters={}
2024-11-25T09:49:38.776+09:00 DEBUG 10636 --- [springbootfinal-app03] [http-nio-8080-exec-10] o.s.w.s.handler.SimpleUrlHandlerMapping  : Mapped to ResourceHttpRequestHandler [classpath [META-INF/resources/], classpath [resources/], classpath [static/], classpath [public/], ServletContext [/]]
2024-11-25T09:49:38.781+09:00 DEBUG 10636 --- [springbootfinal-app03] [http-nio-8080-exec-10] o.s.web.servlet.DispatcherServlet        : Completed 200 OK
2024-11-25T09:49:38.807+09:00 DEBUG 10636 --- [springbootfinal-app03] [http-nio-8080-exec-3] o.s.web.servlet.DispatcherServlet        : GET "/js/jquery-3.7.1.min.js", parameters={}
2024-11-25T09:49:38.808+09:00 DEBUG 10636 --- [springbootfinal-app03] [http-nio-8080-exec-3] o.s.w.s.handler.SimpleUrlHandlerMapping  : Mapped to ResourceHttpRequestHandler [classpath [static/js/]]
2024-11-25T09:49:38.808+09:00 DEBUG 10636 --- [springbootfinal-app03] [http-nio-8080-exec-2] o.s.web.servlet.DispatcherServlet        : GET "/bootstrap/bootstrap.min.css.map", parameters={}
2024-11-25T09:49:38.809+09:00 DEBUG 10636 --- [springbootfinal-app03] [http-nio-8080-exec-2] o.s.w.s.handler.SimpleUrlHandlerMapping  : Mapped to ResourceHttpRequestHandler [classpath [META-INF/resources/], classpath [resources/], classpath [static/], classpath [public/], ServletContext [/]]
2024-11-25T09:49:38.810+09:00 DEBUG 10636 --- [springbootfinal-app03] [http-nio-8080-exec-2] o.s.w.s.r.ResourceHttpRequestHandler     : Resource not found
2024-11-25T09:49:38.810+09:00 DEBUG 10636 --- [springbootfinal-app03] [http-nio-8080-exec-2] .w.s.m.s.DefaultHandlerExceptionResolver : Resolved [org.springframework.web.servlet.resource.NoResourceFoundException: No static resource bootstrap/bootstrap.min.css.map.]
2024-11-25T09:49:38.810+09:00 DEBUG 10636 --- [springbootfinal-app03] [http-nio-8080-exec-2] o.s.web.servlet.DispatcherServlet        : Completed 404 NOT_FOUND
2024-11-25T09:49:38.811+09:00 DEBUG 10636 --- [springbootfinal-app03] [http-nio-8080-exec-3] o.s.web.servlet.DispatcherServlet        : Completed 200 OK
2024-11-25T09:49:38.812+09:00 DEBUG 10636 --- [springbootfinal-app03] [http-nio-8080-exec-2] o.s.web.servlet.DispatcherServlet        : "ERROR" dispatch for GET "/error", parameters={}
2024-11-25T09:49:38.812+09:00 DEBUG 10636 --- [springbootfinal-app03] [http-nio-8080-exec-2] s.w.s.m.m.a.RequestMappingHandlerMapping : Mapped to com.springbootfinal.app.controller.CustomErrorController#handleError(HttpServletRequest, Model)
2024-11-25T09:49:38.813+09:00 DEBUG 10636 --- [springbootfinal-app03] [http-nio-8080-exec-2] o.s.w.s.v.ContentNegotiatingViewResolver : Selected '*/*' given [*/*]
2024-11-25T09:49:38.821+09:00 DEBUG 10636 --- [springbootfinal-app03] [http-nio-8080-exec-2] o.s.web.servlet.DispatcherServlet        : Exiting from "ERROR" dispatch, status 404
2024-11-25T09:49:38.830+09:00 DEBUG 10636 --- [springbootfinal-app03] [http-nio-8080-exec-5] o.s.web.servlet.DispatcherServlet        : GET "/bootstrap/bootstrap.bundle.min.js.map", parameters={}
2024-11-25T09:49:38.831+09:00 DEBUG 10636 --- [springbootfinal-app03] [http-nio-8080-exec-5] o.s.w.s.handler.SimpleUrlHandlerMapping  : Mapped to ResourceHttpRequestHandler [classpath [META-INF/resources/], classpath [resources/], classpath [static/], classpath [public/], ServletContext [/]]
2024-11-25T09:49:38.835+09:00 DEBUG 10636 --- [springbootfinal-app03] [http-nio-8080-exec-5] o.s.w.s.r.ResourceHttpRequestHandler     : Resource not found
2024-11-25T09:49:38.835+09:00 DEBUG 10636 --- [springbootfinal-app03] [http-nio-8080-exec-5] .w.s.m.s.DefaultHandlerExceptionResolver : Resolved [org.springframework.web.servlet.resource.NoResourceFoundException: No static resource bootstrap/bootstrap.bundle.min.js.map.]
2024-11-25T09:49:38.835+09:00 DEBUG 10636 --- [springbootfinal-app03] [http-nio-8080-exec-5] o.s.web.servlet.DispatcherServlet        : Completed 404 NOT_FOUND
2024-11-25T09:49:38.837+09:00 DEBUG 10636 --- [springbootfinal-app03] [http-nio-8080-exec-5] o.s.web.servlet.DispatcherServlet        : "ERROR" dispatch for GET "/error", parameters={}
2024-11-25T09:49:38.838+09:00 DEBUG 10636 --- [springbootfinal-app03] [http-nio-8080-exec-5] s.w.s.m.m.a.RequestMappingHandlerMapping : Mapped to com.springbootfinal.app.controller.CustomErrorController#handleError(HttpServletRequest, Model)
2024-11-25T09:49:38.842+09:00 DEBUG 10636 --- [springbootfinal-app03] [http-nio-8080-exec-5] o.s.w.s.v.ContentNegotiatingViewResolver : Selected '*/*' given [*/*]
2024-11-25T09:49:38.850+09:00 DEBUG 10636 --- [springbootfinal-app03] [http-nio-8080-exec-5] o.s.web.servlet.DispatcherServlet        : Exiting from "ERROR" dispatch, status 404
2024-11-25T09:49:39.070+09:00 DEBUG 10636 --- [springbootfinal-app03] [http-nio-8080-exec-7] o.s.web.servlet.DispatcherServlet        : POST "/getNxNy", parameters={}
2024-11-25T09:49:39.070+09:00 DEBUG 10636 --- [springbootfinal-app03] [http-nio-8080-exec-7] s.w.s.m.m.a.RequestMappingHandlerMapping : Mapped to com.springbootfinal.app.controller.LocationController#getNxNy(Map)
2024-11-25T09:49:39.122+09:00 DEBUG 10636 --- [springbootfinal-app03] [http-nio-8080-exec-7] m.m.a.RequestResponseBodyMethodProcessor : Read "application/json;charset=UTF-8" to [{latitude=37.4833152, longitude=126.9497856}]
2024-11-25T09:49:39.140+09:00 DEBUG 10636 --- [springbootfinal-app03] [http-nio-8080-exec-7] o.s.w.s.m.m.a.HttpEntityMethodProcessor  : Using 'application/json', given [*/*] and supported [application/json, application/*+json, application/xml;charset=UTF-8, text/xml;charset=UTF-8, application/*+xml;charset=UTF-8]
2024-11-25T09:49:39.141+09:00 DEBUG 10636 --- [springbootfinal-app03] [http-nio-8080-exec-7] o.s.w.s.m.m.a.HttpEntityMethodProcessor  : Writing [{nx=126949, ny=37483}]
2024-11-25T09:49:39.150+09:00 DEBUG 10636 --- [springbootfinal-app03] [http-nio-8080-exec-7] o.s.web.servlet.DispatcherServlet        : Completed 200 OK
2024-11-25T09:49:39.154+09:00 DEBUG 10636 --- [springbootfinal-app03] [http-nio-8080-exec-6] o.s.web.servlet.DispatcherServlet        : POST "/getWeather", parameters={}
2024-11-25T09:49:39.154+09:00 DEBUG 10636 --- [springbootfinal-app03] [http-nio-8080-exec-6] s.w.s.m.m.a.RequestMappingHandlerMapping : Mapped to com.springbootfinal.app.controller.WeatherController#getWeather(WeatherDto)
2024-11-25T09:49:39.187+09:00 DEBUG 10636 --- [springbootfinal-app03] [http-nio-8080-exec-6] m.m.a.RequestResponseBodyMethodProcessor : Read "application/json;charset=UTF-8" to [com.springbootfinal.app.domain.WeatherDto@4601c549]
2024-11-25T09:49:39.246+09:00 ERROR 10636 --- [springbootfinal-app03] [http-nio-8080-exec-6] c.s.app.controller.WeatherController     : Weather data retrieval failed

com.fasterxml.jackson.core.JsonParseException: Unexpected character ('<' (code 60)): expected a valid value (JSON String, Number, Array, Object or token 'null', 'true' or 'false')
 at [Source: REDACTED (`StreamReadFeature.INCLUDE_SOURCE_IN_LOCATION` disabled); line: 1, column: 1]
	at com.fasterxml.jackson.core.JsonParser._constructReadException(JsonParser.java:2648) ~[jackson-core-2.17.2.jar:2.17.2]
	at com.fasterxml.jackson.core.base.ParserMinimalBase._reportUnexpectedChar(ParserMinimalBase.java:685) ~[jackson-core-2.17.2.jar:2.17.2]
	at com.fasterxml.jackson.core.json.ReaderBasedJsonParser._handleOddValue(ReaderBasedJsonParser.java:2055) ~[jackson-core-2.17.2.jar:2.17.2]
	at com.fasterxml.jackson.core.json.ReaderBasedJsonParser.nextToken(ReaderBasedJsonParser.java:780) ~[jackson-core-2.17.2.jar:2.17.2]
	at com.fasterxml.jackson.databind.ObjectMapper._readTreeAndClose(ObjectMapper.java:4934) ~[jackson-databind-2.17.2.jar:2.17.2]
	at com.fasterxml.jackson.databind.ObjectMapper.readTree(ObjectMapper.java:3280) ~[jackson-databind-2.17.2.jar:2.17.2]
	at com.springbootfinal.app.service.WeatherService.getWeatherGroupedByTime(WeatherService.java:150) ~[main/:na]
	at com.springbootfinal.app.controller.WeatherController.getWeather(WeatherController.java:89) ~[main/:na]
	at java.base/jdk.internal.reflect.DirectMethodHandleAccessor.invoke(DirectMethodHandleAccessor.java:103) ~[na:na]
	at java.base/java.lang.reflect.Method.invoke(Method.java:580) ~[na:na]
	at org.springframework.web.method.support.InvocableHandlerMethod.doInvoke(InvocableHandlerMethod.java:255) ~[spring-web-6.1.14.jar:6.1.14]
	at org.springframework.web.method.support.InvocableHandlerMethod.invokeForRequest(InvocableHandlerMethod.java:188) ~[spring-web-6.1.14.jar:6.1.14]
	at org.springframework.web.servlet.mvc.method.annotation.ServletInvocableHandlerMethod.invokeAndHandle(ServletInvocableHandlerMethod.java:118) ~[spring-webmvc-6.1.14.jar:6.1.14]
	at org.springframework.web.servlet.mvc.method.annotation.RequestMappingHandlerAdapter.invokeHandlerMethod(RequestMappingHandlerAdapter.java:926) ~[spring-webmvc-6.1.14.jar:6.1.14]
	at org.springframework.web.servlet.mvc.method.annotation.RequestMappingHandlerAdapter.handleInternal(RequestMappingHandlerAdapter.java:831) ~[spring-webmvc-6.1.14.jar:6.1.14]
	at org.springframework.web.servlet.mvc.method.AbstractHandlerMethodAdapter.handle(AbstractHandlerMethodAdapter.java:87) ~[spring-webmvc-6.1.14.jar:6.1.14]
	at org.springframework.web.servlet.DispatcherServlet.doDispatch(DispatcherServlet.java:1089) ~[spring-webmvc-6.1.14.jar:6.1.14]
	at org.springframework.web.servlet.DispatcherServlet.doService(DispatcherServlet.java:979) ~[spring-webmvc-6.1.14.jar:6.1.14]
	at org.springframework.web.servlet.FrameworkServlet.processRequest(FrameworkServlet.java:1014) ~[spring-webmvc-6.1.14.jar:6.1.14]
	at org.springframework.web.servlet.FrameworkServlet.doPost(FrameworkServlet.java:914) ~[spring-webmvc-6.1.14.jar:6.1.14]
	at jakarta.servlet.http.HttpServlet.service(HttpServlet.java:590) ~[tomcat-embed-core-10.1.31.jar:6.0]
	at org.springframework.web.servlet.FrameworkServlet.service(FrameworkServlet.java:885) ~[spring-webmvc-6.1.14.jar:6.1.14]
	at jakarta.servlet.http.HttpServlet.service(HttpServlet.java:658) ~[tomcat-embed-core-10.1.31.jar:6.0]
	at org.apache.catalina.core.ApplicationFilterChain.internalDoFilter(ApplicationFilterChain.java:195) ~[tomcat-embed-core-10.1.31.jar:10.1.31]
	at org.apache.catalina.core.ApplicationFilterChain.doFilter(ApplicationFilterChain.java:140) ~[tomcat-embed-core-10.1.31.jar:10.1.31]
	at org.apache.tomcat.websocket.server.WsFilter.doFilter(WsFilter.java:51) ~[tomcat-embed-websocket-10.1.31.jar:10.1.31]
	at org.apache.catalina.core.ApplicationFilterChain.internalDoFilter(ApplicationFilterChain.java:164) ~[tomcat-embed-core-10.1.31.jar:10.1.31]
	at org.apache.catalina.core.ApplicationFilterChain.doFilter(ApplicationFilterChain.java:140) ~[tomcat-embed-core-10.1.31.jar:10.1.31]
	at org.springframework.web.filter.CompositeFilter$VirtualFilterChain.doFilter(CompositeFilter.java:108) ~[spring-web-6.1.14.jar:6.1.14]
	at org.springframework.security.web.FilterChainProxy.lambda$doFilterInternal$3(FilterChainProxy.java:231) ~[spring-security-web-6.3.4.jar:6.3.4]
	at org.springframework.security.web.FilterChainProxy$VirtualFilterChain.doFilter(FilterChainProxy.java:365) ~[spring-security-web-6.3.4.jar:6.3.4]
	at org.springframework.security.web.access.intercept.AuthorizationFilter.doFilter(AuthorizationFilter.java:100) ~[spring-security-web-6.3.4.jar:6.3.4]
	at org.springframework.security.web.FilterChainProxy$VirtualFilterChain.doFilter(FilterChainProxy.java:374) ~[spring-security-web-6.3.4.jar:6.3.4]
	at org.springframework.security.web.access.ExceptionTranslationFilter.doFilter(ExceptionTranslationFilter.java:126) ~[spring-security-web-6.3.4.jar:6.3.4]
	at org.springframework.security.web.access.ExceptionTranslationFilter.doFilter(ExceptionTranslationFilter.java:120) ~[spring-security-web-6.3.4.jar:6.3.4]
	at org.springframework.security.web.FilterChainProxy$VirtualFilterChain.doFilter(FilterChainProxy.java:374) ~[spring-security-web-6.3.4.jar:6.3.4]
	at org.springframework.security.web.authentication.AnonymousAuthenticationFilter.doFilter(AnonymousAuthenticationFilter.java:100) ~[spring-security-web-6.3.4.jar:6.3.4]
	at org.springframework.security.web.FilterChainProxy$VirtualFilterChain.doFilter(FilterChainProxy.java:374) ~[spring-security-web-6.3.4.jar:6.3.4]
	at org.springframework.security.web.servletapi.SecurityContextHolderAwareRequestFilter.doFilter(SecurityContextHolderAwareRequestFilter.java:179) ~[spring-security-web-6.3.4.jar:6.3.4]
	at org.springframework.security.web.FilterChainProxy$VirtualFilterChain.doFilter(FilterChainProxy.java:374) ~[spring-security-web-6.3.4.jar:6.3.4]
	at org.springframework.security.web.savedrequest.RequestCacheAwareFilter.doFilter(RequestCacheAwareFilter.java:63) ~[spring-security-web-6.3.4.jar:6.3.4]
	at org.springframework.security.web.FilterChainProxy$VirtualFilterChain.doFilter(FilterChainProxy.java:374) ~[spring-security-web-6.3.4.jar:6.3.4]
	at org.springframework.security.web.authentication.logout.LogoutFilter.doFilter(LogoutFilter.java:107) ~[spring-security-web-6.3.4.jar:6.3.4]
	at org.springframework.security.web.authentication.logout.LogoutFilter.doFilter(LogoutFilter.java:93) ~[spring-security-web-6.3.4.jar:6.3.4]
	at org.springframework.security.web.FilterChainProxy$VirtualFilterChain.doFilter(FilterChainProxy.java:374) ~[spring-security-web-6.3.4.jar:6.3.4]
	at org.springframework.security.web.header.HeaderWriterFilter.doHeadersAfter(HeaderWriterFilter.java:90) ~[spring-security-web-6.3.4.jar:6.3.4]
	at org.springframework.security.web.header.HeaderWriterFilter.doFilterInternal(HeaderWriterFilter.java:75) ~[spring-security-web-6.3.4.jar:6.3.4]
	at org.springframework.web.filter.OncePerRequestFilter.doFilter(OncePerRequestFilter.java:116) ~[spring-web-6.1.14.jar:6.1.14]
	at org.springframework.security.web.FilterChainProxy$VirtualFilterChain.doFilter(FilterChainProxy.java:374) ~[spring-security-web-6.3.4.jar:6.3.4]
	at org.springframework.security.web.context.SecurityContextHolderFilter.doFilter(SecurityContextHolderFilter.java:82) ~[spring-security-web-6.3.4.jar:6.3.4]
	at org.springframework.security.web.context.SecurityContextHolderFilter.doFilter(SecurityContextHolderFilter.java:69) ~[spring-security-web-6.3.4.jar:6.3.4]
	at org.springframework.security.web.FilterChainProxy$VirtualFilterChain.doFilter(FilterChainProxy.java:374) ~[spring-security-web-6.3.4.jar:6.3.4]
	at org.springframework.security.web.context.request.async.WebAsyncManagerIntegrationFilter.doFilterInternal(WebAsyncManagerIntegrationFilter.java:62) ~[spring-security-web-6.3.4.jar:6.3.4]
	at org.springframework.web.filter.OncePerRequestFilter.doFilter(OncePerRequestFilter.java:116) ~[spring-web-6.1.14.jar:6.1.14]
	at org.springframework.security.web.FilterChainProxy$VirtualFilterChain.doFilter(FilterChainProxy.java:374) ~[spring-security-web-6.3.4.jar:6.3.4]
	at org.springframework.security.web.session.DisableEncodeUrlFilter.doFilterInternal(DisableEncodeUrlFilter.java:42) ~[spring-security-web-6.3.4.jar:6.3.4]
	at org.springframework.web.filter.OncePerRequestFilter.doFilter(OncePerRequestFilter.java:116) ~[spring-web-6.1.14.jar:6.1.14]
	at org.springframework.security.web.FilterChainProxy$VirtualFilterChain.doFilter(FilterChainProxy.java:374) ~[spring-security-web-6.3.4.jar:6.3.4]
	at org.springframework.security.web.FilterChainProxy.doFilterInternal(FilterChainProxy.java:233) ~[spring-security-web-6.3.4.jar:6.3.4]
	at org.springframework.security.web.FilterChainProxy.doFilter(FilterChainProxy.java:191) ~[spring-security-web-6.3.4.jar:6.3.4]
	at org.springframework.web.filter.CompositeFilter$VirtualFilterChain.doFilter(CompositeFilter.java:113) ~[spring-web-6.1.14.jar:6.1.14]
	at org.springframework.web.servlet.handler.HandlerMappingIntrospector.lambda$createCacheFilter$3(HandlerMappingIntrospector.java:195) ~[spring-webmvc-6.1.14.jar:6.1.14]
	at org.springframework.web.filter.CompositeFilter$VirtualFilterChain.doFilter(CompositeFilter.java:113) ~[spring-web-6.1.14.jar:6.1.14]
	at org.springframework.web.filter.CompositeFilter.doFilter(CompositeFilter.java:74) ~[spring-web-6.1.14.jar:6.1.14]
	at org.springframework.security.config.annotation.web.configuration.WebMvcSecurityConfiguration$CompositeFilterChainProxy.doFilter(WebMvcSecurityConfiguration.java:230) ~[spring-security-config-6.3.4.jar:6.3.4]
	at org.springframework.web.filter.DelegatingFilterProxy.invokeDelegate(DelegatingFilterProxy.java:362) ~[spring-web-6.1.14.jar:6.1.14]
	at org.springframework.web.filter.DelegatingFilterProxy.doFilter(DelegatingFilterProxy.java:278) ~[spring-web-6.1.14.jar:6.1.14]
	at org.apache.catalina.core.ApplicationFilterChain.internalDoFilter(ApplicationFilterChain.java:164) ~[tomcat-embed-core-10.1.31.jar:10.1.31]
	at org.apache.catalina.core.ApplicationFilterChain.doFilter(ApplicationFilterChain.java:140) ~[tomcat-embed-core-10.1.31.jar:10.1.31]
	at org.springframework.web.filter.RequestContextFilter.doFilterInternal(RequestContextFilter.java:100) ~[spring-web-6.1.14.jar:6.1.14]
	at org.springframework.web.filter.OncePerRequestFilter.doFilter(OncePerRequestFilter.java:116) ~[spring-web-6.1.14.jar:6.1.14]
	at org.apache.catalina.core.ApplicationFilterChain.internalDoFilter(ApplicationFilterChain.java:164) ~[tomcat-embed-core-10.1.31.jar:10.1.31]
	at org.apache.catalina.core.ApplicationFilterChain.doFilter(ApplicationFilterChain.java:140) ~[tomcat-embed-core-10.1.31.jar:10.1.31]
	at org.springframework.web.filter.FormContentFilter.doFilterInternal(FormContentFilter.java:93) ~[spring-web-6.1.14.jar:6.1.14]
	at org.springframework.web.filter.OncePerRequestFilter.doFilter(OncePerRequestFilter.java:116) ~[spring-web-6.1.14.jar:6.1.14]
	at org.apache.catalina.core.ApplicationFilterChain.internalDoFilter(ApplicationFilterChain.java:164) ~[tomcat-embed-core-10.1.31.jar:10.1.31]
	at org.apache.catalina.core.ApplicationFilterChain.doFilter(ApplicationFilterChain.java:140) ~[tomcat-embed-core-10.1.31.jar:10.1.31]
	at org.springframework.web.filter.CharacterEncodingFilter.doFilterInternal(CharacterEncodingFilter.java:201) ~[spring-web-6.1.14.jar:6.1.14]
	at org.springframework.web.filter.OncePerRequestFilter.doFilter(OncePerRequestFilter.java:116) ~[spring-web-6.1.14.jar:6.1.14]
	at org.apache.catalina.core.ApplicationFilterChain.internalDoFilter(ApplicationFilterChain.java:164) ~[tomcat-embed-core-10.1.31.jar:10.1.31]
	at org.apache.catalina.core.ApplicationFilterChain.doFilter(ApplicationFilterChain.java:140) ~[tomcat-embed-core-10.1.31.jar:10.1.31]
	at org.apache.catalina.core.StandardWrapperValve.invoke(StandardWrapperValve.java:167) ~[tomcat-embed-core-10.1.31.jar:10.1.31]
	at org.apache.catalina.core.StandardContextValve.invoke(StandardContextValve.java:90) ~[tomcat-embed-core-10.1.31.jar:10.1.31]
	at org.apache.catalina.authenticator.AuthenticatorBase.invoke(AuthenticatorBase.java:483) ~[tomcat-embed-core-10.1.31.jar:10.1.31]
	at org.apache.catalina.core.StandardHostValve.invoke(StandardHostValve.java:115) ~[tomcat-embed-core-10.1.31.jar:10.1.31]
	at org.apache.catalina.valves.ErrorReportValve.invoke(ErrorReportValve.java:93) ~[tomcat-embed-core-10.1.31.jar:10.1.31]
	at org.apache.catalina.core.StandardEngineValve.invoke(StandardEngineValve.java:74) ~[tomcat-embed-core-10.1.31.jar:10.1.31]
	at org.apache.catalina.connector.CoyoteAdapter.service(CoyoteAdapter.java:344) ~[tomcat-embed-core-10.1.31.jar:10.1.31]
	at org.apache.coyote.http11.Http11Processor.service(Http11Processor.java:384) ~[tomcat-embed-core-10.1.31.jar:10.1.31]
	at org.apache.coyote.AbstractProcessorLight.process(AbstractProcessorLight.java:63) ~[tomcat-embed-core-10.1.31.jar:10.1.31]
	at org.apache.coyote.AbstractProtocol$ConnectionHandler.process(AbstractProtocol.java:905) ~[tomcat-embed-core-10.1.31.jar:10.1.31]
	at org.apache.tomcat.util.net.NioEndpoint$SocketProcessor.doRun(NioEndpoint.java:1741) ~[tomcat-embed-core-10.1.31.jar:10.1.31]
	at org.apache.tomcat.util.net.SocketProcessorBase.run(SocketProcessorBase.java:52) ~[tomcat-embed-core-10.1.31.jar:10.1.31]
	at org.apache.tomcat.util.threads.ThreadPoolExecutor.runWorker(ThreadPoolExecutor.java:1190) ~[tomcat-embed-core-10.1.31.jar:10.1.31]
	at org.apache.tomcat.util.threads.ThreadPoolExecutor$Worker.run(ThreadPoolExecutor.java:659) ~[tomcat-embed-core-10.1.31.jar:10.1.31]
	at org.apache.tomcat.util.threads.TaskThread$WrappingRunnable.run(TaskThread.java:63) ~[tomcat-embed-core-10.1.31.jar:10.1.31]
	at java.base/java.lang.Thread.run(Thread.java:1583) ~[na:na]

2024-11-25T09:49:39.270+09:00 DEBUG 10636 --- [springbootfinal-app03] [http-nio-8080-exec-6] o.s.w.s.m.m.a.HttpEntityMethodProcessor  : Using 'application/json', given [*/*] and supported [application/json, application/*+json, application/xml;charset=UTF-8, text/xml;charset=UTF-8, application/*+xml;charset=UTF-8]
2024-11-25T09:49:39.270+09:00 DEBUG 10636 --- [springbootfinal-app03] [http-nio-8080-exec-6] o.s.w.s.m.m.a.HttpEntityMethodProcessor  : Nothing to write: null body
2024-11-25T09:49:39.270+09:00 DEBUG 10636 --- [springbootfinal-app03] [http-nio-8080-exec-6] o.s.web.servlet.DispatcherServlet        : Completed 500 INTERNAL_SERVER_ERROR
2024-11-25T09:50:42.268+09:00 DEBUG 10636 --- [springbootfinal-app03] [http-nio-8080-exec-8] o.s.web.servlet.DispatcherServlet        : GET "/weather", parameters={}
2024-11-25T09:50:42.268+09:00 DEBUG 10636 --- [springbootfinal-app03] [http-nio-8080-exec-8] s.w.s.m.m.a.RequestMappingHandlerMapping : Mapped to com.springbootfinal.app.controller.WeatherController#index(Model)
2024-11-25T09:50:42.271+09:00 DEBUG 10636 --- [springbootfinal-app03] [http-nio-8080-exec-8] o.s.w.s.v.ContentNegotiatingViewResolver : Selected 'text/html' given [text/html, application/xhtml+xml, image/avif, image/webp, image/apng, application/xml;q=0.9, */*;q=0.8, application/signed-exchange;v=b3;q=0.7]
2024-11-25T09:50:42.321+09:00 DEBUG 10636 --- [springbootfinal-app03] [http-nio-8080-exec-8] o.s.web.servlet.DispatcherServlet        : Completed 200 OK
2024-11-25T09:50:42.355+09:00 DEBUG 10636 --- [springbootfinal-app03] [http-nio-8080-exec-9] o.s.web.servlet.DispatcherServlet        : GET "/bootstrap/bootstrap.min.css", parameters={}
2024-11-25T09:50:42.355+09:00 DEBUG 10636 --- [springbootfinal-app03] [http-nio-8080-exec-9] o.s.w.s.handler.SimpleUrlHandlerMapping  : Mapped to ResourceHttpRequestHandler [classpath [META-INF/resources/], classpath [resources/], classpath [static/], classpath [public/], ServletContext [/]]
2024-11-25T09:50:42.359+09:00 DEBUG 10636 --- [springbootfinal-app03] [http-nio-8080-exec-4] o.s.web.servlet.DispatcherServlet        : GET "/js/jquery-3.7.1.min.js", parameters={}
2024-11-25T09:50:42.361+09:00 DEBUG 10636 --- [springbootfinal-app03] [http-nio-8080-exec-4] o.s.w.s.handler.SimpleUrlHandlerMapping  : Mapped to ResourceHttpRequestHandler [classpath [static/js/]]
2024-11-25T09:50:42.362+09:00 DEBUG 10636 --- [springbootfinal-app03] [http-nio-8080-exec-9] o.s.web.servlet.DispatcherServlet        : Completed 200 OK
2024-11-25T09:50:42.367+09:00 DEBUG 10636 --- [springbootfinal-app03] [http-nio-8080-exec-4] o.s.web.servlet.DispatcherServlet        : Completed 200 OK
2024-11-25T09:50:42.368+09:00 DEBUG 10636 --- [springbootfinal-app03] [http-nio-8080-exec-1] o.s.web.servlet.DispatcherServlet        : GET "/js/member.js", parameters={}
2024-11-25T09:50:42.369+09:00 DEBUG 10636 --- [springbootfinal-app03] [http-nio-8080-exec-1] o.s.w.s.handler.SimpleUrlHandlerMapping  : Mapped to ResourceHttpRequestHandler [classpath [static/js/]]
2024-11-25T09:50:42.377+09:00 DEBUG 10636 --- [springbootfinal-app03] [http-nio-8080-exec-1] o.s.web.servlet.DispatcherServlet        : Completed 200 OK
2024-11-25T09:50:42.379+09:00 DEBUG 10636 --- [springbootfinal-app03] [http-nio-8080-exec-10] o.s.web.servlet.DispatcherServlet        : GET "/images/main.gif", parameters={}
2024-11-25T09:50:42.379+09:00 DEBUG 10636 --- [springbootfinal-app03] [http-nio-8080-exec-10] o.s.w.s.handler.SimpleUrlHandlerMapping  : Mapped to ResourceHttpRequestHandler [classpath [static/images/]]
2024-11-25T09:50:42.385+09:00 DEBUG 10636 --- [springbootfinal-app03] [http-nio-8080-exec-3] o.s.web.servlet.DispatcherServlet        : GET "/js/weather.js", parameters={}
2024-11-25T09:50:42.396+09:00 DEBUG 10636 --- [springbootfinal-app03] [http-nio-8080-exec-3] o.s.w.s.handler.SimpleUrlHandlerMapping  : Mapped to ResourceHttpRequestHandler [classpath [static/js/]]
2024-11-25T09:50:42.404+09:00 DEBUG 10636 --- [springbootfinal-app03] [http-nio-8080-exec-10] o.s.web.servlet.DispatcherServlet        : Completed 200 OK
2024-11-25T09:50:42.407+09:00 DEBUG 10636 --- [springbootfinal-app03] [http-nio-8080-exec-3] o.s.web.servlet.DispatcherServlet        : Completed 200 OK
2024-11-25T09:50:42.413+09:00 DEBUG 10636 --- [springbootfinal-app03] [http-nio-8080-exec-2] o.s.web.servlet.DispatcherServlet        : GET "/js/geolocation.js", parameters={}
2024-11-25T09:50:42.415+09:00 DEBUG 10636 --- [springbootfinal-app03] [http-nio-8080-exec-2] o.s.w.s.handler.SimpleUrlHandlerMapping  : Mapped to ResourceHttpRequestHandler [classpath [static/js/]]
2024-11-25T09:50:42.415+09:00 DEBUG 10636 --- [springbootfinal-app03] [http-nio-8080-exec-5] o.s.web.servlet.DispatcherServlet        : GET "/bootstrap/bootstrap.bundle.min.js", parameters={}
2024-11-25T09:50:42.416+09:00 DEBUG 10636 --- [springbootfinal-app03] [http-nio-8080-exec-5] o.s.w.s.handler.SimpleUrlHandlerMapping  : Mapped to ResourceHttpRequestHandler [classpath [META-INF/resources/], classpath [resources/], classpath [static/], classpath [public/], ServletContext [/]]
2024-11-25T09:50:42.420+09:00 DEBUG 10636 --- [springbootfinal-app03] [http-nio-8080-exec-5] o.s.web.servlet.DispatcherServlet        : Completed 200 OK
2024-11-25T09:50:42.420+09:00 DEBUG 10636 --- [springbootfinal-app03] [http-nio-8080-exec-2] o.s.web.servlet.DispatcherServlet        : Completed 200 OK
2024-11-25T09:50:42.440+09:00  INFO 10636 --- [springbootfinal-app03] [File Watcher] rtingClassPathChangeChangedEventListener : Restarting due to 1 class path change (0 additions, 0 deletions, 1 modification)
2024-11-25T09:50:42.448+09:00 DEBUG 10636 --- [springbootfinal-app03] [http-nio-8080-exec-7] o.s.web.servlet.DispatcherServlet        : GET "/bootstrap/bootstrap.min.css.map", parameters={}
2024-11-25T09:50:42.449+09:00 DEBUG 10636 --- [springbootfinal-app03] [http-nio-8080-exec-7] o.s.w.s.handler.SimpleUrlHandlerMapping  : Mapped to ResourceHttpRequestHandler [classpath [META-INF/resources/], classpath [resources/], classpath [static/], classpath [public/], ServletContext [/]]
2024-11-25T09:50:42.452+09:00 DEBUG 10636 --- [springbootfinal-app03] [http-nio-8080-exec-6] o.s.web.servlet.DispatcherServlet        : GET "/bootstrap/bootstrap.min.css", parameters={}
2024-11-25T09:50:42.454+09:00 DEBUG 10636 --- [springbootfinal-app03] [http-nio-8080-exec-6] o.s.w.s.handler.SimpleUrlHandlerMapping  : Mapped to ResourceHttpRequestHandler [classpath [META-INF/resources/], classpath [resources/], classpath [static/], classpath [public/], ServletContext [/]]
2024-11-25T09:50:42.457+09:00 DEBUG 10636 --- [springbootfinal-app03] [http-nio-8080-exec-7] o.s.w.s.r.ResourceHttpRequestHandler     : Resource not found
2024-11-25T09:50:42.457+09:00 DEBUG 10636 --- [springbootfinal-app03] [http-nio-8080-exec-7] .w.s.m.s.DefaultHandlerExceptionResolver : Resolved [org.springframework.web.servlet.resource.NoResourceFoundException: No static resource bootstrap/bootstrap.min.css.map.]
2024-11-25T09:50:42.458+09:00 DEBUG 10636 --- [springbootfinal-app03] [http-nio-8080-exec-7] o.s.web.servlet.DispatcherServlet        : Completed 404 NOT_FOUND
2024-11-25T09:50:42.458+09:00 DEBUG 10636 --- [springbootfinal-app03] [http-nio-8080-exec-7] o.s.web.servlet.DispatcherServlet        : "ERROR" dispatch for GET "/error", parameters={}
2024-11-25T09:50:42.459+09:00 DEBUG 10636 --- [springbootfinal-app03] [http-nio-8080-exec-7] s.w.s.m.m.a.RequestMappingHandlerMapping : Mapped to com.springbootfinal.app.controller.CustomErrorController#handleError(HttpServletRequest, Model)
2024-11-25T09:50:42.461+09:00 DEBUG 10636 --- [springbootfinal-app03] [http-nio-8080-exec-7] o.s.w.s.v.ContentNegotiatingViewResolver : Selected '*/*' given [*/*]
2024-11-25T09:50:42.463+09:00 DEBUG 10636 --- [springbootfinal-app03] [http-nio-8080-exec-6] o.s.web.servlet.DispatcherServlet        : Completed 200 OK
2024-11-25T09:50:42.465+09:00 DEBUG 10636 --- [springbootfinal-app03] [http-nio-8080-exec-7] o.s.web.servlet.DispatcherServlet        : Exiting from "ERROR" dispatch, status 404
2024-11-25T09:50:42.507+09:00  INFO 10636 --- [springbootfinal-app03] [Thread-5] j.LocalContainerEntityManagerFactoryBean : Closing JPA EntityManagerFactory for persistence unit 'default'
2024-11-25T09:50:42.510+09:00  INFO 10636 --- [springbootfinal-app03] [Thread-5] com.zaxxer.hikari.HikariDataSource       : HikariPool-1 - Shutdown initiated...
2024-11-25T09:50:42.516+09:00  INFO 10636 --- [springbootfinal-app03] [Thread-5] com.zaxxer.hikari.HikariDataSource       : HikariPool-1 - Shutdown completed.
2024-11-25T09:50:42.633+09:00  INFO 10636 --- [springbootfinal-app03] [restartedMain] c.s.app.SpringbootfinalApp03Application  : Starting SpringbootfinalApp03Application using Java 21.0.4 with PID 10636 (C:\Users\6A\git\3final\bin\main started by 6A in C:\Users\6A\git\3final)
2024-11-25T09:50:42.633+09:00 DEBUG 10636 --- [springbootfinal-app03] [restartedMain] c.s.app.SpringbootfinalApp03Application  : Running with Spring Boot v3.3.5, Spring v6.1.14
2024-11-25T09:50:42.633+09:00  INFO 10636 --- [springbootfinal-app03] [restartedMain] c.s.app.SpringbootfinalApp03Application  : No active profile set, falling back to 1 default profile: "default"
2024-11-25T09:50:42.927+09:00  INFO 10636 --- [springbootfinal-app03] [restartedMain] .s.d.r.c.RepositoryConfigurationDelegate : Bootstrapping Spring Data JPA repositories in DEFAULT mode.
2024-11-25T09:50:42.931+09:00  INFO 10636 --- [springbootfinal-app03] [restartedMain] .s.d.r.c.RepositoryConfigurationDelegate : Finished Spring Data repository scanning in 3 ms. Found 0 JPA repository interfaces.
2024-11-25T09:50:43.042+09:00  WARN 10636 --- [springbootfinal-app03] [restartedMain] .s.s.b.a.TimefoldSolverAutoConfiguration : Skipping Timefold loading because there are no @PlanningSolution  or @PlanningEntity annotated classes.
Maybe your annotated classes are not in a subpackage of your @SpringBootApplication annotated class's package.
Maybe move your planning solution and entity classes to your application class's (sub)package (or use @EntityScan).
2024-11-25T09:50:43.168+09:00  INFO 10636 --- [springbootfinal-app03] [restartedMain] o.s.b.w.embedded.tomcat.TomcatWebServer  : Tomcat initialized with port 8080 (http)
2024-11-25T09:50:43.170+09:00  INFO 10636 --- [springbootfinal-app03] [restartedMain] o.apache.catalina.core.StandardService   : Starting service [Tomcat]
2024-11-25T09:50:43.170+09:00  INFO 10636 --- [springbootfinal-app03] [restartedMain] o.apache.catalina.core.StandardEngine    : Starting Servlet engine: [Apache Tomcat/10.1.31]
2024-11-25T09:50:43.225+09:00  INFO 10636 --- [springbootfinal-app03] [restartedMain] o.a.c.c.C.[Tomcat].[localhost].[/]       : Initializing Spring embedded WebApplicationContext
2024-11-25T09:50:43.226+09:00  INFO 10636 --- [springbootfinal-app03] [restartedMain] w.s.c.ServletWebServerApplicationContext : Root WebApplicationContext: initialization completed in 591 ms
2024-11-25T09:50:43.277+09:00  INFO 10636 --- [springbootfinal-app03] [restartedMain] com.zaxxer.hikari.HikariDataSource       : HikariPool-2 - Starting...
2024-11-25T09:50:43.280+09:00  INFO 10636 --- [springbootfinal-app03] [restartedMain] com.zaxxer.hikari.pool.HikariPool        : HikariPool-2 - Added connection com.mysql.cj.jdbc.ConnectionImpl@2ebedc50
2024-11-25T09:50:43.281+09:00  INFO 10636 --- [springbootfinal-app03] [restartedMain] com.zaxxer.hikari.HikariDataSource       : HikariPool-2 - Start completed.
2024-11-25T09:50:43.282+09:00  INFO 10636 --- [springbootfinal-app03] [restartedMain] o.hibernate.jpa.internal.util.LogHelper  : HHH000204: Processing PersistenceUnitInfo [name: default]
2024-11-25T09:50:43.287+09:00  INFO 10636 --- [springbootfinal-app03] [restartedMain] o.h.c.internal.RegionFactoryInitiator    : HHH000026: Second-level cache disabled
2024-11-25T09:50:43.298+09:00  INFO 10636 --- [springbootfinal-app03] [restartedMain] o.s.o.j.p.SpringPersistenceUnitInfo      : No LoadTimeWeaver setup: ignoring JPA class transformer
2024-11-25T09:50:43.300+09:00  WARN 10636 --- [springbootfinal-app03] [restartedMain] org.hibernate.orm.deprecation            : HHH90000025: MySQLDialect does not need to be specified explicitly using 'hibernate.dialect' (remove the property setting and it will be selected by default)
2024-11-25T09:50:43.323+09:00  INFO 10636 --- [springbootfinal-app03] [restartedMain] o.h.e.t.j.p.i.JtaPlatformInitiator       : HHH000489: No JTA platform available (set 'hibernate.transaction.jta.platform' to enable JTA platform integration)
2024-11-25T09:50:43.323+09:00  INFO 10636 --- [springbootfinal-app03] [restartedMain] j.LocalContainerEntityManagerFactoryBean : Initialized JPA EntityManagerFactory for persistence unit 'default'
2024-11-25T09:50:43.388+09:00  WARN 10636 --- [springbootfinal-app03] [restartedMain] JpaBaseConfiguration$JpaWebConfiguration : spring.jpa.open-in-view is enabled by default. Therefore, database queries may be performed during view rendering. Explicitly configure spring.jpa.open-in-view to disable this warning
2024-11-25T09:50:43.397+09:00  WARN 10636 --- [springbootfinal-app03] [restartedMain] .s.s.UserDetailsServiceAutoConfiguration : 

Using generated security password: 685efe6a-1151-47f4-8c94-a1b8214d3d40

This generated password is for development use only. Your security configuration must be updated before running your application in production.

2024-11-25T09:50:43.398+09:00  INFO 10636 --- [springbootfinal-app03] [restartedMain] r$InitializeUserDetailsManagerConfigurer : Global AuthenticationManager configured with UserDetailsService bean with name inMemoryUserDetailsManager
2024-11-25T09:50:43.408+09:00  INFO 10636 --- [springbootfinal-app03] [restartedMain] o.s.b.a.w.s.WelcomePageHandlerMapping    : Adding welcome page template: index
2024-11-25T09:50:43.421+09:00 DEBUG 10636 --- [springbootfinal-app03] [restartedMain] s.w.s.m.m.a.RequestMappingHandlerMapping : 13 mappings in 'requestMappingHandlerMapping'
2024-11-25T09:50:43.425+09:00 DEBUG 10636 --- [springbootfinal-app03] [restartedMain] o.s.w.s.handler.SimpleUrlHandlerMapping  : Patterns [/, /writeForm, /writeBoard, /weather, /loginForm, /joinForm] in 'viewControllerHandlerMapping'
2024-11-25T09:50:43.471+09:00 DEBUG 10636 --- [springbootfinal-app03] [restartedMain] o.s.w.s.handler.SimpleUrlHandlerMapping  : Patterns [/webjars/**, /**, /css/**, /js/**, /images/**] in 'resourceHandlerMapping'
2024-11-25T09:50:43.502+09:00 DEBUG 10636 --- [springbootfinal-app03] [restartedMain] s.w.s.m.m.a.RequestMappingHandlerAdapter : ControllerAdvice beans: 0 @ModelAttribute, 0 @InitBinder, 1 RequestBodyAdvice, 1 ResponseBodyAdvice
2024-11-25T09:50:43.508+09:00 DEBUG 10636 --- [springbootfinal-app03] [restartedMain] .m.m.a.ExceptionHandlerExceptionResolver : ControllerAdvice beans: 0 @ExceptionHandler, 1 ResponseBodyAdvice
2024-11-25T09:50:43.575+09:00  INFO 10636 --- [springbootfinal-app03] [restartedMain] o.s.b.d.a.OptionalLiveReloadServer       : LiveReload server is running on port 35729
2024-11-25T09:50:43.615+09:00  INFO 10636 --- [springbootfinal-app03] [restartedMain] o.s.b.w.embedded.tomcat.TomcatWebServer  : Tomcat started on port 8080 (http) with context path '/'
2024-11-25T09:50:43.632+09:00  INFO 10636 --- [springbootfinal-app03] [restartedMain] c.s.app.SpringbootfinalApp03Application  : Started SpringbootfinalApp03Application in 1.048 seconds (process running for 78.444)
2024-11-25T09:50:43.635+09:00  INFO 10636 --- [springbootfinal-app03] [restartedMain] .ConditionEvaluationDeltaLoggingListener : Condition evaluation unchanged
2024-11-25T09:50:43.753+09:00  INFO 10636 --- [springbootfinal-app03] [http-nio-8080-exec-2] o.a.c.c.C.[Tomcat].[localhost].[/]       : Initializing Spring DispatcherServlet 'dispatcherServlet'
2024-11-25T09:50:43.753+09:00  INFO 10636 --- [springbootfinal-app03] [http-nio-8080-exec-2] o.s.web.servlet.DispatcherServlet        : Initializing Servlet 'dispatcherServlet'
2024-11-25T09:50:43.753+09:00 DEBUG 10636 --- [springbootfinal-app03] [http-nio-8080-exec-2] o.s.web.servlet.DispatcherServlet        : Detected StandardServletMultipartResolver
2024-11-25T09:50:43.753+09:00 DEBUG 10636 --- [springbootfinal-app03] [http-nio-8080-exec-2] o.s.web.servlet.DispatcherServlet        : Detected AcceptHeaderLocaleResolver
2024-11-25T09:50:43.753+09:00 DEBUG 10636 --- [springbootfinal-app03] [http-nio-8080-exec-2] o.s.web.servlet.DispatcherServlet        : Detected FixedThemeResolver
2024-11-25T09:50:43.754+09:00 DEBUG 10636 --- [springbootfinal-app03] [http-nio-8080-exec-2] o.s.web.servlet.DispatcherServlet        : Detected org.springframework.web.servlet.view.DefaultRequestToViewNameTranslator@7065f8d6
2024-11-25T09:50:43.754+09:00 DEBUG 10636 --- [springbootfinal-app03] [http-nio-8080-exec-2] o.s.web.servlet.DispatcherServlet        : Detected org.springframework.web.servlet.support.SessionFlashMapManager@4dd8dae1
2024-11-25T09:50:43.754+09:00 DEBUG 10636 --- [springbootfinal-app03] [http-nio-8080-exec-2] o.s.web.servlet.DispatcherServlet        : enableLoggingRequestDetails='false': request parameters and headers will be masked to prevent unsafe logging of potentially sensitive data
2024-11-25T09:50:43.754+09:00  INFO 10636 --- [springbootfinal-app03] [http-nio-8080-exec-2] o.s.web.servlet.DispatcherServlet        : Completed initialization in 1 ms
2024-11-25T09:50:43.755+09:00 DEBUG 10636 --- [springbootfinal-app03] [http-nio-8080-exec-2] o.s.web.servlet.DispatcherServlet        : GET "/js/jquery-3.7.1.min.js", parameters={}
2024-11-25T09:50:43.755+09:00 DEBUG 10636 --- [springbootfinal-app03] [http-nio-8080-exec-2] o.s.w.s.handler.SimpleUrlHandlerMapping  : Mapped to ResourceHttpRequestHandler [classpath [static/js/]]
2024-11-25T09:50:43.761+09:00 DEBUG 10636 --- [springbootfinal-app03] [http-nio-8080-exec-2] o.s.web.servlet.DispatcherServlet        : Completed 200 OK
2024-11-25T09:50:43.762+09:00 DEBUG 10636 --- [springbootfinal-app03] [http-nio-8080-exec-2] o.s.web.servlet.DispatcherServlet        : GET "/bootstrap/bootstrap.min.css.map", parameters={}
2024-11-25T09:50:43.762+09:00 DEBUG 10636 --- [springbootfinal-app03] [http-nio-8080-exec-2] o.s.w.s.handler.SimpleUrlHandlerMapping  : Mapped to ResourceHttpRequestHandler [classpath [META-INF/resources/], classpath [resources/], classpath [static/], classpath [public/], ServletContext [/]]
2024-11-25T09:50:43.765+09:00 DEBUG 10636 --- [springbootfinal-app03] [http-nio-8080-exec-2] o.s.w.s.r.ResourceHttpRequestHandler     : Resource not found
2024-11-25T09:50:43.765+09:00 DEBUG 10636 --- [springbootfinal-app03] [http-nio-8080-exec-2] .w.s.m.s.DefaultHandlerExceptionResolver : Resolved [org.springframework.web.servlet.resource.NoResourceFoundException: No static resource bootstrap/bootstrap.min.css.map.]
2024-11-25T09:50:43.765+09:00 DEBUG 10636 --- [springbootfinal-app03] [http-nio-8080-exec-2] o.s.web.servlet.DispatcherServlet        : Completed 404 NOT_FOUND
2024-11-25T09:50:43.766+09:00 DEBUG 10636 --- [springbootfinal-app03] [http-nio-8080-exec-2] o.s.web.servlet.DispatcherServlet        : "ERROR" dispatch for GET "/error", parameters={}
2024-11-25T09:50:43.767+09:00 DEBUG 10636 --- [springbootfinal-app03] [http-nio-8080-exec-2] s.w.s.m.m.a.RequestMappingHandlerMapping : Mapped to com.springbootfinal.app.controller.CustomErrorController#handleError(HttpServletRequest, Model)
2024-11-25T09:50:43.770+09:00 DEBUG 10636 --- [springbootfinal-app03] [http-nio-8080-exec-2] o.s.w.s.v.ContentNegotiatingViewResolver : Selected '*/*' given [*/*]
2024-11-25T09:50:43.787+09:00 DEBUG 10636 --- [springbootfinal-app03] [http-nio-8080-exec-1] o.s.web.servlet.DispatcherServlet        : GET "/bootstrap/bootstrap.bundle.min.js.map", parameters={}
2024-11-25T09:50:43.793+09:00 DEBUG 10636 --- [springbootfinal-app03] [http-nio-8080-exec-3] o.s.web.servlet.DispatcherServlet        : POST "/getNxNy", parameters={}
2024-11-25T09:50:43.793+09:00 DEBUG 10636 --- [springbootfinal-app03] [http-nio-8080-exec-3] s.w.s.m.m.a.RequestMappingHandlerMapping : Mapped to com.springbootfinal.app.controller.LocationController#getNxNy(Map)
2024-11-25T09:50:43.793+09:00 DEBUG 10636 --- [springbootfinal-app03] [http-nio-8080-exec-1] o.s.w.s.handler.SimpleUrlHandlerMapping  : Mapped to ResourceHttpRequestHandler [classpath [META-INF/resources/], classpath [resources/], classpath [static/], classpath [public/], ServletContext [/]]
2024-11-25T09:50:43.795+09:00 DEBUG 10636 --- [springbootfinal-app03] [http-nio-8080-exec-1] o.s.w.s.r.ResourceHttpRequestHandler     : Resource not found
2024-11-25T09:50:43.796+09:00 DEBUG 10636 --- [springbootfinal-app03] [http-nio-8080-exec-3] m.m.a.RequestResponseBodyMethodProcessor : Read "application/json;charset=UTF-8" to [{latitude=37.4833152, longitude=126.9497856}]
2024-11-25T09:50:43.797+09:00 DEBUG 10636 --- [springbootfinal-app03] [http-nio-8080-exec-1] .w.s.m.s.DefaultHandlerExceptionResolver : Resolved [org.springframework.web.servlet.resource.NoResourceFoundException: No static resource bootstrap/bootstrap.bundle.min.js.map.]
2024-11-25T09:50:43.797+09:00 DEBUG 10636 --- [springbootfinal-app03] [http-nio-8080-exec-1] o.s.web.servlet.DispatcherServlet        : Completed 404 NOT_FOUND
2024-11-25T09:50:43.798+09:00 DEBUG 10636 --- [springbootfinal-app03] [http-nio-8080-exec-1] o.s.web.servlet.DispatcherServlet        : "ERROR" dispatch for GET "/error", parameters={}
2024-11-25T09:50:43.798+09:00 DEBUG 10636 --- [springbootfinal-app03] [http-nio-8080-exec-4] o.s.web.servlet.DispatcherServlet        : GET "/images/favicon/favicon.png", parameters={}
2024-11-25T09:50:43.798+09:00 DEBUG 10636 --- [springbootfinal-app03] [http-nio-8080-exec-1] s.w.s.m.m.a.RequestMappingHandlerMapping : Mapped to com.springbootfinal.app.controller.CustomErrorController#handleError(HttpServletRequest, Model)
2024-11-25T09:50:43.798+09:00 DEBUG 10636 --- [springbootfinal-app03] [http-nio-8080-exec-4] o.s.w.s.handler.SimpleUrlHandlerMapping  : Mapped to ResourceHttpRequestHandler [classpath [static/images/]]
2024-11-25T09:50:43.799+09:00 DEBUG 10636 --- [springbootfinal-app03] [http-nio-8080-exec-1] o.s.w.s.v.ContentNegotiatingViewResolver : Selected '*/*' given [*/*]
2024-11-25T09:50:43.799+09:00 DEBUG 10636 --- [springbootfinal-app03] [http-nio-8080-exec-3] o.s.w.s.m.m.a.HttpEntityMethodProcessor  : Using 'application/json', given [*/*] and supported [application/json, application/*+json, application/xml;charset=UTF-8, text/xml;charset=UTF-8, application/*+xml;charset=UTF-8]
2024-11-25T09:50:43.799+09:00 DEBUG 10636 --- [springbootfinal-app03] [http-nio-8080-exec-3] o.s.w.s.m.m.a.HttpEntityMethodProcessor  : Writing [{nx=126949, ny=37483}]
2024-11-25T09:50:43.800+09:00 DEBUG 10636 --- [springbootfinal-app03] [http-nio-8080-exec-3] o.s.web.servlet.DispatcherServlet        : Completed 200 OK
2024-11-25T09:50:43.803+09:00 DEBUG 10636 --- [springbootfinal-app03] [http-nio-8080-exec-5] o.s.web.servlet.DispatcherServlet        : POST "/getWeather", parameters={}
2024-11-25T09:50:43.805+09:00 DEBUG 10636 --- [springbootfinal-app03] [http-nio-8080-exec-4] o.s.web.servlet.DispatcherServlet        : Completed 200 OK
2024-11-25T09:50:43.805+09:00 DEBUG 10636 --- [springbootfinal-app03] [http-nio-8080-exec-5] s.w.s.m.m.a.RequestMappingHandlerMapping : Mapped to com.springbootfinal.app.controller.WeatherController#getWeather(WeatherDto)
2024-11-25T09:50:43.808+09:00 DEBUG 10636 --- [springbootfinal-app03] [http-nio-8080-exec-5] m.m.a.RequestResponseBodyMethodProcessor : Read "application/json;charset=UTF-8" to [com.springbootfinal.app.domain.WeatherDto@43d13057]
2024-11-25T09:50:43.828+09:00 DEBUG 10636 --- [springbootfinal-app03] [http-nio-8080-exec-1] o.s.web.servlet.DispatcherServlet        : Exiting from "ERROR" dispatch, status 404
2024-11-25T09:50:43.829+09:00 DEBUG 10636 --- [springbootfinal-app03] [http-nio-8080-exec-2] o.s.web.servlet.DispatcherServlet        : Exiting from "ERROR" dispatch, status 404
2024-11-25T09:50:43.825+09:00 ERROR 10636 --- [springbootfinal-app03] [http-nio-8080-exec-5] c.s.app.controller.WeatherController     : Weather data retrieval failed

com.fasterxml.jackson.core.JsonParseException: Unexpected character ('<' (code 60)): expected a valid value (JSON String, Number, Array, Object or token 'null', 'true' or 'false')
 at [Source: REDACTED (`StreamReadFeature.INCLUDE_SOURCE_IN_LOCATION` disabled); line: 1, column: 1]
	at com.fasterxml.jackson.core.JsonParser._constructReadException(JsonParser.java:2648) ~[jackson-core-2.17.2.jar:2.17.2]
	at com.fasterxml.jackson.core.base.ParserMinimalBase._reportUnexpectedChar(ParserMinimalBase.java:685) ~[jackson-core-2.17.2.jar:2.17.2]
	at com.fasterxml.jackson.core.json.ReaderBasedJsonParser._handleOddValue(ReaderBasedJsonParser.java:2055) ~[jackson-core-2.17.2.jar:2.17.2]
	at com.fasterxml.jackson.core.json.ReaderBasedJsonParser.nextToken(ReaderBasedJsonParser.java:780) ~[jackson-core-2.17.2.jar:2.17.2]
	at com.fasterxml.jackson.databind.ObjectMapper._readTreeAndClose(ObjectMapper.java:4934) ~[jackson-databind-2.17.2.jar:2.17.2]
	at com.fasterxml.jackson.databind.ObjectMapper.readTree(ObjectMapper.java:3280) ~[jackson-databind-2.17.2.jar:2.17.2]
	at com.springbootfinal.app.service.WeatherService.getWeatherGroupedByTime(WeatherService.java:151) ~[main/:na]
	at com.springbootfinal.app.controller.WeatherController.getWeather(WeatherController.java:89) ~[main/:na]
	at java.base/jdk.internal.reflect.DirectMethodHandleAccessor.invoke(DirectMethodHandleAccessor.java:103) ~[na:na]
	at java.base/java.lang.reflect.Method.invoke(Method.java:580) ~[na:na]
	at org.springframework.web.method.support.InvocableHandlerMethod.doInvoke(InvocableHandlerMethod.java:255) ~[spring-web-6.1.14.jar:6.1.14]
	at org.springframework.web.method.support.InvocableHandlerMethod.invokeForRequest(InvocableHandlerMethod.java:188) ~[spring-web-6.1.14.jar:6.1.14]
	at org.springframework.web.servlet.mvc.method.annotation.ServletInvocableHandlerMethod.invokeAndHandle(ServletInvocableHandlerMethod.java:118) ~[spring-webmvc-6.1.14.jar:6.1.14]
	at org.springframework.web.servlet.mvc.method.annotation.RequestMappingHandlerAdapter.invokeHandlerMethod(RequestMappingHandlerAdapter.java:926) ~[spring-webmvc-6.1.14.jar:6.1.14]
	at org.springframework.web.servlet.mvc.method.annotation.RequestMappingHandlerAdapter.handleInternal(RequestMappingHandlerAdapter.java:831) ~[spring-webmvc-6.1.14.jar:6.1.14]
	at org.springframework.web.servlet.mvc.method.AbstractHandlerMethodAdapter.handle(AbstractHandlerMethodAdapter.java:87) ~[spring-webmvc-6.1.14.jar:6.1.14]
	at org.springframework.web.servlet.DispatcherServlet.doDispatch(DispatcherServlet.java:1089) ~[spring-webmvc-6.1.14.jar:6.1.14]
	at org.springframework.web.servlet.DispatcherServlet.doService(DispatcherServlet.java:979) ~[spring-webmvc-6.1.14.jar:6.1.14]
	at org.springframework.web.servlet.FrameworkServlet.processRequest(FrameworkServlet.java:1014) ~[spring-webmvc-6.1.14.jar:6.1.14]
	at org.springframework.web.servlet.FrameworkServlet.doPost(FrameworkServlet.java:914) ~[spring-webmvc-6.1.14.jar:6.1.14]
	at jakarta.servlet.http.HttpServlet.service(HttpServlet.java:590) ~[tomcat-embed-core-10.1.31.jar:6.0]
	at org.springframework.web.servlet.FrameworkServlet.service(FrameworkServlet.java:885) ~[spring-webmvc-6.1.14.jar:6.1.14]
	at jakarta.servlet.http.HttpServlet.service(HttpServlet.java:658) ~[tomcat-embed-core-10.1.31.jar:6.0]
	at org.apache.catalina.core.ApplicationFilterChain.internalDoFilter(ApplicationFilterChain.java:195) ~[tomcat-embed-core-10.1.31.jar:10.1.31]
	at org.apache.catalina.core.ApplicationFilterChain.doFilter(ApplicationFilterChain.java:140) ~[tomcat-embed-core-10.1.31.jar:10.1.31]
	at org.apache.tomcat.websocket.server.WsFilter.doFilter(WsFilter.java:51) ~[tomcat-embed-websocket-10.1.31.jar:10.1.31]
	at org.apache.catalina.core.ApplicationFilterChain.internalDoFilter(ApplicationFilterChain.java:164) ~[tomcat-embed-core-10.1.31.jar:10.1.31]
	at org.apache.catalina.core.ApplicationFilterChain.doFilter(ApplicationFilterChain.java:140) ~[tomcat-embed-core-10.1.31.jar:10.1.31]
	at org.springframework.web.filter.CompositeFilter$VirtualFilterChain.doFilter(CompositeFilter.java:108) ~[spring-web-6.1.14.jar:6.1.14]
	at org.springframework.security.web.FilterChainProxy.lambda$doFilterInternal$3(FilterChainProxy.java:231) ~[spring-security-web-6.3.4.jar:6.3.4]
	at org.springframework.security.web.FilterChainProxy$VirtualFilterChain.doFilter(FilterChainProxy.java:365) ~[spring-security-web-6.3.4.jar:6.3.4]
	at org.springframework.security.web.access.intercept.AuthorizationFilter.doFilter(AuthorizationFilter.java:100) ~[spring-security-web-6.3.4.jar:6.3.4]
	at org.springframework.security.web.FilterChainProxy$VirtualFilterChain.doFilter(FilterChainProxy.java:374) ~[spring-security-web-6.3.4.jar:6.3.4]
	at org.springframework.security.web.access.ExceptionTranslationFilter.doFilter(ExceptionTranslationFilter.java:126) ~[spring-security-web-6.3.4.jar:6.3.4]
	at org.springframework.security.web.access.ExceptionTranslationFilter.doFilter(ExceptionTranslationFilter.java:120) ~[spring-security-web-6.3.4.jar:6.3.4]
	at org.springframework.security.web.FilterChainProxy$VirtualFilterChain.doFilter(FilterChainProxy.java:374) ~[spring-security-web-6.3.4.jar:6.3.4]
	at org.springframework.security.web.authentication.AnonymousAuthenticationFilter.doFilter(AnonymousAuthenticationFilter.java:100) ~[spring-security-web-6.3.4.jar:6.3.4]
	at org.springframework.security.web.FilterChainProxy$VirtualFilterChain.doFilter(FilterChainProxy.java:374) ~[spring-security-web-6.3.4.jar:6.3.4]
	at org.springframework.security.web.servletapi.SecurityContextHolderAwareRequestFilter.doFilter(SecurityContextHolderAwareRequestFilter.java:179) ~[spring-security-web-6.3.4.jar:6.3.4]
	at org.springframework.security.web.FilterChainProxy$VirtualFilterChain.doFilter(FilterChainProxy.java:374) ~[spring-security-web-6.3.4.jar:6.3.4]
	at org.springframework.security.web.savedrequest.RequestCacheAwareFilter.doFilter(RequestCacheAwareFilter.java:63) ~[spring-security-web-6.3.4.jar:6.3.4]
	at org.springframework.security.web.FilterChainProxy$VirtualFilterChain.doFilter(FilterChainProxy.java:374) ~[spring-security-web-6.3.4.jar:6.3.4]
	at org.springframework.security.web.authentication.logout.LogoutFilter.doFilter(LogoutFilter.java:107) ~[spring-security-web-6.3.4.jar:6.3.4]
	at org.springframework.security.web.authentication.logout.LogoutFilter.doFilter(LogoutFilter.java:93) ~[spring-security-web-6.3.4.jar:6.3.4]
	at org.springframework.security.web.FilterChainProxy$VirtualFilterChain.doFilter(FilterChainProxy.java:374) ~[spring-security-web-6.3.4.jar:6.3.4]
	at org.springframework.security.web.header.HeaderWriterFilter.doHeadersAfter(HeaderWriterFilter.java:90) ~[spring-security-web-6.3.4.jar:6.3.4]
	at org.springframework.security.web.header.HeaderWriterFilter.doFilterInternal(HeaderWriterFilter.java:75) ~[spring-security-web-6.3.4.jar:6.3.4]
	at org.springframework.web.filter.OncePerRequestFilter.doFilter(OncePerRequestFilter.java:116) ~[spring-web-6.1.14.jar:6.1.14]
	at org.springframework.security.web.FilterChainProxy$VirtualFilterChain.doFilter(FilterChainProxy.java:374) ~[spring-security-web-6.3.4.jar:6.3.4]
	at org.springframework.security.web.context.SecurityContextHolderFilter.doFilter(SecurityContextHolderFilter.java:82) ~[spring-security-web-6.3.4.jar:6.3.4]
	at org.springframework.security.web.context.SecurityContextHolderFilter.doFilter(SecurityContextHolderFilter.java:69) ~[spring-security-web-6.3.4.jar:6.3.4]
	at org.springframework.security.web.FilterChainProxy$VirtualFilterChain.doFilter(FilterChainProxy.java:374) ~[spring-security-web-6.3.4.jar:6.3.4]
	at org.springframework.security.web.context.request.async.WebAsyncManagerIntegrationFilter.doFilterInternal(WebAsyncManagerIntegrationFilter.java:62) ~[spring-security-web-6.3.4.jar:6.3.4]
	at org.springframework.web.filter.OncePerRequestFilter.doFilter(OncePerRequestFilter.java:116) ~[spring-web-6.1.14.jar:6.1.14]
	at org.springframework.security.web.FilterChainProxy$VirtualFilterChain.doFilter(FilterChainProxy.java:374) ~[spring-security-web-6.3.4.jar:6.3.4]
	at org.springframework.security.web.session.DisableEncodeUrlFilter.doFilterInternal(DisableEncodeUrlFilter.java:42) ~[spring-security-web-6.3.4.jar:6.3.4]
	at org.springframework.web.filter.OncePerRequestFilter.doFilter(OncePerRequestFilter.java:116) ~[spring-web-6.1.14.jar:6.1.14]
	at org.springframework.security.web.FilterChainProxy$VirtualFilterChain.doFilter(FilterChainProxy.java:374) ~[spring-security-web-6.3.4.jar:6.3.4]
	at org.springframework.security.web.FilterChainProxy.doFilterInternal(FilterChainProxy.java:233) ~[spring-security-web-6.3.4.jar:6.3.4]
	at org.springframework.security.web.FilterChainProxy.doFilter(FilterChainProxy.java:191) ~[spring-security-web-6.3.4.jar:6.3.4]
	at org.springframework.web.filter.CompositeFilter$VirtualFilterChain.doFilter(CompositeFilter.java:113) ~[spring-web-6.1.14.jar:6.1.14]
	at org.springframework.web.servlet.handler.HandlerMappingIntrospector.lambda$createCacheFilter$3(HandlerMappingIntrospector.java:195) ~[spring-webmvc-6.1.14.jar:6.1.14]
	at org.springframework.web.filter.CompositeFilter$VirtualFilterChain.doFilter(CompositeFilter.java:113) ~[spring-web-6.1.14.jar:6.1.14]
	at org.springframework.web.filter.CompositeFilter.doFilter(CompositeFilter.java:74) ~[spring-web-6.1.14.jar:6.1.14]
	at org.springframework.security.config.annotation.web.configuration.WebMvcSecurityConfiguration$CompositeFilterChainProxy.doFilter(WebMvcSecurityConfiguration.java:230) ~[spring-security-config-6.3.4.jar:6.3.4]
	at org.springframework.web.filter.DelegatingFilterProxy.invokeDelegate(DelegatingFilterProxy.java:362) ~[spring-web-6.1.14.jar:6.1.14]
	at org.springframework.web.filter.DelegatingFilterProxy.doFilter(DelegatingFilterProxy.java:278) ~[spring-web-6.1.14.jar:6.1.14]
	at org.apache.catalina.core.ApplicationFilterChain.internalDoFilter(ApplicationFilterChain.java:164) ~[tomcat-embed-core-10.1.31.jar:10.1.31]
	at org.apache.catalina.core.ApplicationFilterChain.doFilter(ApplicationFilterChain.java:140) ~[tomcat-embed-core-10.1.31.jar:10.1.31]
	at org.springframework.web.filter.RequestContextFilter.doFilterInternal(RequestContextFilter.java:100) ~[spring-web-6.1.14.jar:6.1.14]
	at org.springframework.web.filter.OncePerRequestFilter.doFilter(OncePerRequestFilter.java:116) ~[spring-web-6.1.14.jar:6.1.14]
	at org.apache.catalina.core.ApplicationFilterChain.internalDoFilter(ApplicationFilterChain.java:164) ~[tomcat-embed-core-10.1.31.jar:10.1.31]
	at org.apache.catalina.core.ApplicationFilterChain.doFilter(ApplicationFilterChain.java:140) ~[tomcat-embed-core-10.1.31.jar:10.1.31]
	at org.springframework.web.filter.FormContentFilter.doFilterInternal(FormContentFilter.java:93) ~[spring-web-6.1.14.jar:6.1.14]
	at org.springframework.web.filter.OncePerRequestFilter.doFilter(OncePerRequestFilter.java:116) ~[spring-web-6.1.14.jar:6.1.14]
	at org.apache.catalina.core.ApplicationFilterChain.internalDoFilter(ApplicationFilterChain.java:164) ~[tomcat-embed-core-10.1.31.jar:10.1.31]
	at org.apache.catalina.core.ApplicationFilterChain.doFilter(ApplicationFilterChain.java:140) ~[tomcat-embed-core-10.1.31.jar:10.1.31]
	at org.springframework.web.filter.CharacterEncodingFilter.doFilterInternal(CharacterEncodingFilter.java:201) ~[spring-web-6.1.14.jar:6.1.14]
	at org.springframework.web.filter.OncePerRequestFilter.doFilter(OncePerRequestFilter.java:116) ~[spring-web-6.1.14.jar:6.1.14]
	at org.apache.catalina.core.ApplicationFilterChain.internalDoFilter(ApplicationFilterChain.java:164) ~[tomcat-embed-core-10.1.31.jar:10.1.31]
	at org.apache.catalina.core.ApplicationFilterChain.doFilter(ApplicationFilterChain.java:140) ~[tomcat-embed-core-10.1.31.jar:10.1.31]
	at org.apache.catalina.core.StandardWrapperValve.invoke(StandardWrapperValve.java:167) ~[tomcat-embed-core-10.1.31.jar:10.1.31]
	at org.apache.catalina.core.StandardContextValve.invoke(StandardContextValve.java:90) ~[tomcat-embed-core-10.1.31.jar:10.1.31]
	at org.apache.catalina.authenticator.AuthenticatorBase.invoke(AuthenticatorBase.java:483) ~[tomcat-embed-core-10.1.31.jar:10.1.31]
	at org.apache.catalina.core.StandardHostValve.invoke(StandardHostValve.java:115) ~[tomcat-embed-core-10.1.31.jar:10.1.31]
	at org.apache.catalina.valves.ErrorReportValve.invoke(ErrorReportValve.java:93) ~[tomcat-embed-core-10.1.31.jar:10.1.31]
	at org.apache.catalina.core.StandardEngineValve.invoke(StandardEngineValve.java:74) ~[tomcat-embed-core-10.1.31.jar:10.1.31]
	at org.apache.catalina.connector.CoyoteAdapter.service(CoyoteAdapter.java:344) ~[tomcat-embed-core-10.1.31.jar:10.1.31]
	at org.apache.coyote.http11.Http11Processor.service(Http11Processor.java:384) ~[tomcat-embed-core-10.1.31.jar:10.1.31]
	at org.apache.coyote.AbstractProcessorLight.process(AbstractProcessorLight.java:63) ~[tomcat-embed-core-10.1.31.jar:10.1.31]
	at org.apache.coyote.AbstractProtocol$ConnectionHandler.process(AbstractProtocol.java:905) ~[tomcat-embed-core-10.1.31.jar:10.1.31]
	at org.apache.tomcat.util.net.NioEndpoint$SocketProcessor.doRun(NioEndpoint.java:1741) ~[tomcat-embed-core-10.1.31.jar:10.1.31]
	at org.apache.tomcat.util.net.SocketProcessorBase.run(SocketProcessorBase.java:52) ~[tomcat-embed-core-10.1.31.jar:10.1.31]
	at org.apache.tomcat.util.threads.ThreadPoolExecutor.runWorker(ThreadPoolExecutor.java:1190) ~[tomcat-embed-core-10.1.31.jar:10.1.31]
	at org.apache.tomcat.util.threads.ThreadPoolExecutor$Worker.run(ThreadPoolExecutor.java:659) ~[tomcat-embed-core-10.1.31.jar:10.1.31]
	at org.apache.tomcat.util.threads.TaskThread$WrappingRunnable.run(TaskThread.java:63) ~[tomcat-embed-core-10.1.31.jar:10.1.31]
	at java.base/java.lang.Thread.run(Thread.java:1583) ~[na:na]

2024-11-25T09:50:43.835+09:00 DEBUG 10636 --- [springbootfinal-app03] [http-nio-8080-exec-5] o.s.w.s.m.m.a.HttpEntityMethodProcessor  : Using 'application/json', given [*/*] and supported [application/json, application/*+json, application/xml;charset=UTF-8, text/xml;charset=UTF-8, application/*+xml;charset=UTF-8]
2024-11-25T09:50:43.836+09:00 DEBUG 10636 --- [springbootfinal-app03] [http-nio-8080-exec-5] o.s.w.s.m.m.a.HttpEntityMethodProcessor  : Nothing to write: null body
2024-11-25T09:50:43.836+09:00 DEBUG 10636 --- [springbootfinal-app03] [http-nio-8080-exec-5] o.s.web.servlet.DispatcherServlet        : Completed 500 INTERNAL_SERVER_ERROR
2024-11-25T09:51:01.471+09:00  INFO 10636 --- [springbootfinal-app03] [File Watcher] rtingClassPathChangeChangedEventListener : Restarting due to 1 class path change (0 additions, 0 deletions, 1 modification)
2024-11-25T09:51:01.485+09:00  INFO 10636 --- [springbootfinal-app03] [Thread-7] j.LocalContainerEntityManagerFactoryBean : Closing JPA EntityManagerFactory for persistence unit 'default'
2024-11-25T09:51:01.485+09:00  INFO 10636 --- [springbootfinal-app03] [Thread-7] com.zaxxer.hikari.HikariDataSource       : HikariPool-2 - Shutdown initiated...
2024-11-25T09:51:01.492+09:00  INFO 10636 --- [springbootfinal-app03] [Thread-7] com.zaxxer.hikari.HikariDataSource       : HikariPool-2 - Shutdown completed.
2024-11-25T09:51:01.673+09:00  INFO 10636 --- [springbootfinal-app03] [restartedMain] c.s.app.SpringbootfinalApp03Application  : Starting SpringbootfinalApp03Application using Java 21.0.4 with PID 10636 (C:\Users\6A\git\3final\bin\main started by 6A in C:\Users\6A\git\3final)
2024-11-25T09:51:01.673+09:00 DEBUG 10636 --- [springbootfinal-app03] [restartedMain] c.s.app.SpringbootfinalApp03Application  : Running with Spring Boot v3.3.5, Spring v6.1.14
2024-11-25T09:51:01.673+09:00  INFO 10636 --- [springbootfinal-app03] [restartedMain] c.s.app.SpringbootfinalApp03Application  : No active profile set, falling back to 1 default profile: "default"
2024-11-25T09:51:01.995+09:00  INFO 10636 --- [springbootfinal-app03] [restartedMain] .s.d.r.c.RepositoryConfigurationDelegate : Bootstrapping Spring Data JPA repositories in DEFAULT mode.
2024-11-25T09:51:01.999+09:00  INFO 10636 --- [springbootfinal-app03] [restartedMain] .s.d.r.c.RepositoryConfigurationDelegate : Finished Spring Data repository scanning in 4 ms. Found 0 JPA repository interfaces.
2024-11-25T09:51:02.072+09:00  WARN 10636 --- [springbootfinal-app03] [restartedMain] .s.s.b.a.TimefoldSolverAutoConfiguration : Skipping Timefold loading because there are no @PlanningSolution  or @PlanningEntity annotated classes.
Maybe your annotated classes are not in a subpackage of your @SpringBootApplication annotated class's package.
Maybe move your planning solution and entity classes to your application class's (sub)package (or use @EntityScan).
2024-11-25T09:51:02.184+09:00  INFO 10636 --- [springbootfinal-app03] [restartedMain] o.s.b.w.embedded.tomcat.TomcatWebServer  : Tomcat initialized with port 8080 (http)
2024-11-25T09:51:02.184+09:00  INFO 10636 --- [springbootfinal-app03] [restartedMain] o.apache.catalina.core.StandardService   : Starting service [Tomcat]
2024-11-25T09:51:02.185+09:00  INFO 10636 --- [springbootfinal-app03] [restartedMain] o.apache.catalina.core.StandardEngine    : Starting Servlet engine: [Apache Tomcat/10.1.31]
2024-11-25T09:51:02.233+09:00  INFO 10636 --- [springbootfinal-app03] [restartedMain] o.a.c.c.C.[Tomcat].[localhost].[/]       : Initializing Spring embedded WebApplicationContext
2024-11-25T09:51:02.233+09:00  INFO 10636 --- [springbootfinal-app03] [restartedMain] w.s.c.ServletWebServerApplicationContext : Root WebApplicationContext: initialization completed in 558 ms
2024-11-25T09:51:02.269+09:00  INFO 10636 --- [springbootfinal-app03] [restartedMain] com.zaxxer.hikari.HikariDataSource       : HikariPool-3 - Starting...
2024-11-25T09:51:02.272+09:00  INFO 10636 --- [springbootfinal-app03] [restartedMain] com.zaxxer.hikari.pool.HikariPool        : HikariPool-3 - Added connection com.mysql.cj.jdbc.ConnectionImpl@757b46dd
2024-11-25T09:51:02.272+09:00  INFO 10636 --- [springbootfinal-app03] [restartedMain] com.zaxxer.hikari.HikariDataSource       : HikariPool-3 - Start completed.
2024-11-25T09:51:02.274+09:00  INFO 10636 --- [springbootfinal-app03] [restartedMain] o.hibernate.jpa.internal.util.LogHelper  : HHH000204: Processing PersistenceUnitInfo [name: default]
2024-11-25T09:51:02.279+09:00  INFO 10636 --- [springbootfinal-app03] [restartedMain] o.h.c.internal.RegionFactoryInitiator    : HHH000026: Second-level cache disabled
2024-11-25T09:51:02.291+09:00  INFO 10636 --- [springbootfinal-app03] [restartedMain] o.s.o.j.p.SpringPersistenceUnitInfo      : No LoadTimeWeaver setup: ignoring JPA class transformer
2024-11-25T09:51:02.294+09:00  WARN 10636 --- [springbootfinal-app03] [restartedMain] org.hibernate.orm.deprecation            : HHH90000025: MySQLDialect does not need to be specified explicitly using 'hibernate.dialect' (remove the property setting and it will be selected by default)
2024-11-25T09:51:02.315+09:00  INFO 10636 --- [springbootfinal-app03] [restartedMain] o.h.e.t.j.p.i.JtaPlatformInitiator       : HHH000489: No JTA platform available (set 'hibernate.transaction.jta.platform' to enable JTA platform integration)
2024-11-25T09:51:02.316+09:00  INFO 10636 --- [springbootfinal-app03] [restartedMain] j.LocalContainerEntityManagerFactoryBean : Initialized JPA EntityManagerFactory for persistence unit 'default'
2024-11-25T09:51:02.374+09:00  WARN 10636 --- [springbootfinal-app03] [restartedMain] JpaBaseConfiguration$JpaWebConfiguration : spring.jpa.open-in-view is enabled by default. Therefore, database queries may be performed during view rendering. Explicitly configure spring.jpa.open-in-view to disable this warning
2024-11-25T09:51:02.382+09:00  WARN 10636 --- [springbootfinal-app03] [restartedMain] .s.s.UserDetailsServiceAutoConfiguration : 

Using generated security password: f6ae8f1f-4e7b-4cb0-be17-ac291417c0c2

This generated password is for development use only. Your security configuration must be updated before running your application in production.

2024-11-25T09:51:02.383+09:00  INFO 10636 --- [springbootfinal-app03] [restartedMain] r$InitializeUserDetailsManagerConfigurer : Global AuthenticationManager configured with UserDetailsService bean with name inMemoryUserDetailsManager
2024-11-25T09:51:02.391+09:00  INFO 10636 --- [springbootfinal-app03] [restartedMain] o.s.b.a.w.s.WelcomePageHandlerMapping    : Adding welcome page template: index
2024-11-25T09:51:02.402+09:00 DEBUG 10636 --- [springbootfinal-app03] [restartedMain] s.w.s.m.m.a.RequestMappingHandlerMapping : 13 mappings in 'requestMappingHandlerMapping'
2024-11-25T09:51:02.405+09:00 DEBUG 10636 --- [springbootfinal-app03] [restartedMain] o.s.w.s.handler.SimpleUrlHandlerMapping  : Patterns [/, /writeForm, /writeBoard, /weather, /loginForm, /joinForm] in 'viewControllerHandlerMapping'
2024-11-25T09:51:02.436+09:00 DEBUG 10636 --- [springbootfinal-app03] [restartedMain] o.s.w.s.handler.SimpleUrlHandlerMapping  : Patterns [/webjars/**, /**, /css/**, /js/**, /images/**] in 'resourceHandlerMapping'
2024-11-25T09:51:02.460+09:00 DEBUG 10636 --- [springbootfinal-app03] [restartedMain] s.w.s.m.m.a.RequestMappingHandlerAdapter : ControllerAdvice beans: 0 @ModelAttribute, 0 @InitBinder, 1 RequestBodyAdvice, 1 ResponseBodyAdvice
2024-11-25T09:51:02.464+09:00 DEBUG 10636 --- [springbootfinal-app03] [restartedMain] .m.m.a.ExceptionHandlerExceptionResolver : ControllerAdvice beans: 0 @ExceptionHandler, 1 ResponseBodyAdvice
2024-11-25T09:51:02.518+09:00  INFO 10636 --- [springbootfinal-app03] [restartedMain] o.s.b.d.a.OptionalLiveReloadServer       : LiveReload server is running on port 35729
2024-11-25T09:51:02.563+09:00  INFO 10636 --- [springbootfinal-app03] [restartedMain] o.s.b.w.embedded.tomcat.TomcatWebServer  : Tomcat started on port 8080 (http) with context path '/'
2024-11-25T09:51:02.573+09:00  INFO 10636 --- [springbootfinal-app03] [restartedMain] c.s.app.SpringbootfinalApp03Application  : Started SpringbootfinalApp03Application in 0.969 seconds (process running for 97.385)
2024-11-25T09:51:02.575+09:00  INFO 10636 --- [springbootfinal-app03] [restartedMain] .ConditionEvaluationDeltaLoggingListener : Condition evaluation unchanged
